14-Mar-2022 10:11:44.256 信息 [main] org.apache.catalina.startup.VersionLoggerListener.log Server version:        Apache Tomcat/8.5.39
14-Mar-2022 10:11:44.261 信息 [main] org.apache.catalina.startup.VersionLoggerListener.log Server built:          Mar 14 2019 11:24:26 UTC
14-Mar-2022 10:11:44.261 信息 [main] org.apache.catalina.startup.VersionLoggerListener.log Server number:         8.5.39.0
14-Mar-2022 10:11:44.261 信息 [main] org.apache.catalina.startup.VersionLoggerListener.log OS Name:               Windows 10
14-Mar-2022 10:11:44.261 信息 [main] org.apache.catalina.startup.VersionLoggerListener.log OS Version:            10.0
14-Mar-2022 10:11:44.261 信息 [main] org.apache.catalina.startup.VersionLoggerListener.log Architecture:          amd64
14-Mar-2022 10:11:44.261 信息 [main] org.apache.catalina.startup.VersionLoggerListener.log Java Home:             C:\Program Files\RedHat\java-11-openjdk-11.0.6-2
14-Mar-2022 10:11:44.261 信息 [main] org.apache.catalina.startup.VersionLoggerListener.log JVM Version:           11.0.6+10-LTS
14-Mar-2022 10:11:44.261 信息 [main] org.apache.catalina.startup.VersionLoggerListener.log JVM Vendor:            Oracle Corporation
14-Mar-2022 10:11:44.261 信息 [main] org.apache.catalina.startup.VersionLoggerListener.log CATALINA_BASE:         D:\hikrobot\hikcms
14-Mar-2022 10:11:44.261 信息 [main] org.apache.catalina.startup.VersionLoggerListener.log CATALINA_HOME:         D:\hikrobot\hikcms
14-Mar-2022 10:11:44.262 信息 [main] org.apache.catalina.startup.VersionLoggerListener.log Command line argument: --add-opens=java.base/java.lang=ALL-UNNAMED
14-Mar-2022 10:11:44.262 信息 [main] org.apache.catalina.startup.VersionLoggerListener.log Command line argument: --add-opens=java.base/java.io=ALL-UNNAMED
14-Mar-2022 10:11:44.262 信息 [main] org.apache.catalina.startup.VersionLoggerListener.log Command line argument: --add-opens=java.rmi/sun.rmi.transport=ALL-UNNAMED
14-Mar-2022 10:11:44.262 信息 [main] org.apache.catalina.startup.VersionLoggerListener.log Command line argument: -Dcatalina.home=D:\hikrobot\hikcms
14-Mar-2022 10:11:44.262 信息 [main] org.apache.catalina.startup.VersionLoggerListener.log Command line argument: -Dcatalina.base=D:\hikrobot\hikcms
14-Mar-2022 10:11:44.262 信息 [main] org.apache.catalina.startup.VersionLoggerListener.log Command line argument: -Dignore.endorsed.dirs=D:\hikrobot\hikcms\endorsed
14-Mar-2022 10:11:44.262 信息 [main] org.apache.catalina.startup.VersionLoggerListener.log Command line argument: -Djava.io.tmpdir=D:\hikrobot\hikcms\temp
14-Mar-2022 10:11:44.263 信息 [main] org.apache.catalina.startup.VersionLoggerListener.log Command line argument: -Djava.util.logging.manager=org.apache.juli.ClassLoaderLogManager
14-Mar-2022 10:11:44.263 信息 [main] org.apache.catalina.startup.VersionLoggerListener.log Command line argument: -Djava.util.logging.config.file=D:\hikrobot\hikcms\conf\logging.properties
14-Mar-2022 10:11:44.263 信息 [main] org.apache.catalina.startup.VersionLoggerListener.log Command line argument: -Xms1024m
14-Mar-2022 10:11:44.263 信息 [main] org.apache.catalina.startup.VersionLoggerListener.log Command line argument: -Xmx4096m
14-Mar-2022 10:11:44.263 信息 [main] org.apache.catalina.startup.VersionLoggerListener.log Command line argument: -XX:ReservedCodeCacheSize=64m
14-Mar-2022 10:11:44.263 信息 [main] org.apache.catalina.startup.VersionLoggerListener.log Command line argument: -Duser.timezone=GMT+08
14-Mar-2022 10:11:44.263 信息 [main] org.apache.catalina.startup.VersionLoggerListener.log Command line argument: -verbose:gc
14-Mar-2022 10:11:44.263 信息 [main] org.apache.catalina.startup.VersionLoggerListener.log Command line argument: -Xms1024m
14-Mar-2022 10:11:44.263 信息 [main] org.apache.catalina.startup.VersionLoggerListener.log Command line argument: -Xmx4096m
14-Mar-2022 10:11:44.263 信息 [main] org.apache.catalina.core.AprLifecycleListener.lifecycleEvent The APR based Apache Tomcat Native library which allows optimal performance in production environments was not found on the java.library.path: [C:\Program Files\RedHat\java-11-openjdk-11.0.6-2\bin;C:\Windows\Sun\Java\bin;C:\Windows\system32;C:\Windows;C:\Program Files\Microsoft MPI\Bin\;C:\Windows\system32;C:\Windows;C:\Windows\System32\Wbem;C:\Windows\System32\WindowsPowerShell\v1.0\;C:\Windows\System32\OpenSSH\;C:\Program Files (x86)\Intel\Intel(R) Management Engine Components\DAL;C:\Program Files\Intel\Intel(R) Management Engine Components\DAL;C:\Program Files (x86)\Microsoft SQL Server\150\Tools\Binn\;C:\Program Files\Microsoft SQL Server\150\Tools\Binn\;C:\Program Files (x86)\Microsoft SQL Server\150\DTS\Binn\;C:\Program Files\Microsoft SQL Server\150\DTS\Binn\;C:\Program Files\Microsoft SQL Server\Client SDK\ODBC\170\Tools\Binn\;C:\Program Files\Azure Data Studio\bin;C:\Program Files\RedHat\java-11-openjdk-11.0.6-2\bin;C:\Windows\system32\config\systemprofile\AppData\Local\Microsoft\WindowsApps;.]
14-Mar-2022 10:11:44.291 信息 [main] org.apache.coyote.AbstractProtocol.init Initializing ProtocolHandler ["http-nio-8181"]
14-Mar-2022 10:11:44.372 信息 [main] org.apache.tomcat.util.net.NioSelectorPool.getSharedSelector Using a shared selector for servlet write/read
14-Mar-2022 10:11:44.378 信息 [main] org.apache.catalina.startup.Catalina.load Initialization processed in 440 ms
14-Mar-2022 10:11:44.417 信息 [main] org.apache.catalina.core.StandardService.startInternal Starting service [Catalina]
14-Mar-2022 10:11:44.417 信息 [main] org.apache.catalina.core.StandardEngine.startInternal Starting Servlet Engine: Apache Tomcat/8.5.39
14-Mar-2022 10:11:44.425 信息 [localhost-startStop-1] org.apache.catalina.startup.HostConfig.deployDirectory Deploying web application directory [D:\hikrobot\hikcms\webapps\download]
14-Mar-2022 10:11:44.721 信息 [localhost-startStop-1] org.apache.catalina.startup.HostConfig.deployDirectory Deployment of web application directory [D:\hikrobot\hikcms\webapps\download] has finished in [297] ms
14-Mar-2022 10:11:44.722 信息 [localhost-startStop-1] org.apache.catalina.startup.HostConfig.deployDirectory Deploying web application directory [D:\hikrobot\hikcms\webapps\rcms]
14-Mar-2022 10:11:51.166 信息 [localhost-startStop-1] org.apache.jasper.servlet.TldScanner.scanJars At least one JAR was scanned for TLDs yet contained no TLDs. Enable debug logging for this logger for a complete list of JARs that were scanned but no TLDs were found in them. Skipping unneeded JARs during scanning can improve startup time and JSP compilation time.
14-Mar-2022 10:11:55.519 警告 [main] org.apache.catalina.startup.Bootstrap.main the tomcat will shutdown ...........
14-Mar-2022 10:11:55.571 警告 [main] org.apache.catalina.startup.Bootstrap.main the port :8181 tomcat will shutdown ...........
14-Mar-2022 10:11:55.624 警告 [main] org.apache.catalina.startup.KillServer.start the process   TCP    0.0.0.0:8181           0.0.0.0:0              LISTENING       10852 will be killed ......
14-Mar-2022 10:11:55.624 警告 [main] org.apache.catalina.startup.KillServer.start the process   TCP    127.0.0.1:8181         127.0.0.1:21394        CLOSE_WAIT      10852 will be killed ......
14-Mar-2022 10:11:55.624 警告 [main] org.apache.catalina.startup.KillServer.start the process   TCP    127.0.0.1:8181         127.0.0.1:21405        CLOSE_WAIT      10852 will be killed ......
14-Mar-2022 10:11:55.624 警告 [main] org.apache.catalina.startup.KillServer.start the process   TCP    [::]:8181              [::]:0                 LISTENING       10852 will be killed ......
14-Mar-2022 10:11:55.686 信息 [main] org.apache.catalina.startup.KillServer.killWithPid the process 10852 killed is 成功: 已终止 PID 为 10852 的进程。
14-Mar-2022 10:12:07.133 信息 [main] org.apache.catalina.startup.VersionLoggerListener.log Server version:        Apache Tomcat/8.5.39
14-Mar-2022 10:12:07.138 信息 [main] org.apache.catalina.startup.VersionLoggerListener.log Server built:          Mar 14 2019 11:24:26 UTC
14-Mar-2022 10:12:07.138 信息 [main] org.apache.catalina.startup.VersionLoggerListener.log Server number:         8.5.39.0
14-Mar-2022 10:12:07.138 信息 [main] org.apache.catalina.startup.VersionLoggerListener.log OS Name:               Windows 10
14-Mar-2022 10:12:07.138 信息 [main] org.apache.catalina.startup.VersionLoggerListener.log OS Version:            10.0
14-Mar-2022 10:12:07.138 信息 [main] org.apache.catalina.startup.VersionLoggerListener.log Architecture:          amd64
14-Mar-2022 10:12:07.138 信息 [main] org.apache.catalina.startup.VersionLoggerListener.log Java Home:             C:\Program Files\RedHat\java-11-openjdk-11.0.6-2
14-Mar-2022 10:12:07.138 信息 [main] org.apache.catalina.startup.VersionLoggerListener.log JVM Version:           11.0.6+10-LTS
14-Mar-2022 10:12:07.138 信息 [main] org.apache.catalina.startup.VersionLoggerListener.log JVM Vendor:            Oracle Corporation
14-Mar-2022 10:12:07.138 信息 [main] org.apache.catalina.startup.VersionLoggerListener.log CATALINA_BASE:         D:\hikrobot\hikcms
14-Mar-2022 10:12:07.139 信息 [main] org.apache.catalina.startup.VersionLoggerListener.log CATALINA_HOME:         D:\hikrobot\hikcms
14-Mar-2022 10:12:07.139 信息 [main] org.apache.catalina.startup.VersionLoggerListener.log Command line argument: --add-opens=java.base/java.lang=ALL-UNNAMED
14-Mar-2022 10:12:07.139 信息 [main] org.apache.catalina.startup.VersionLoggerListener.log Command line argument: --add-opens=java.base/java.io=ALL-UNNAMED
14-Mar-2022 10:12:07.139 信息 [main] org.apache.catalina.startup.VersionLoggerListener.log Command line argument: --add-opens=java.rmi/sun.rmi.transport=ALL-UNNAMED
14-Mar-2022 10:12:07.139 信息 [main] org.apache.catalina.startup.VersionLoggerListener.log Command line argument: -Dcatalina.home=D:\hikrobot\hikcms
14-Mar-2022 10:12:07.139 信息 [main] org.apache.catalina.startup.VersionLoggerListener.log Command line argument: -Dcatalina.base=D:\hikrobot\hikcms
14-Mar-2022 10:12:07.139 信息 [main] org.apache.catalina.startup.VersionLoggerListener.log Command line argument: -Dignore.endorsed.dirs=D:\hikrobot\hikcms\endorsed
14-Mar-2022 10:12:07.140 信息 [main] org.apache.catalina.startup.VersionLoggerListener.log Command line argument: -Djava.io.tmpdir=D:\hikrobot\hikcms\temp
14-Mar-2022 10:12:07.140 信息 [main] org.apache.catalina.startup.VersionLoggerListener.log Command line argument: -Djava.util.logging.manager=org.apache.juli.ClassLoaderLogManager
14-Mar-2022 10:12:07.140 信息 [main] org.apache.catalina.startup.VersionLoggerListener.log Command line argument: -Djava.util.logging.config.file=D:\hikrobot\hikcms\conf\logging.properties
14-Mar-2022 10:12:07.140 信息 [main] org.apache.catalina.startup.VersionLoggerListener.log Command line argument: -Xms1024m
14-Mar-2022 10:12:07.140 信息 [main] org.apache.catalina.startup.VersionLoggerListener.log Command line argument: -Xmx4096m
14-Mar-2022 10:12:07.140 信息 [main] org.apache.catalina.startup.VersionLoggerListener.log Command line argument: -XX:ReservedCodeCacheSize=64m
14-Mar-2022 10:12:07.140 信息 [main] org.apache.catalina.startup.VersionLoggerListener.log Command line argument: -Duser.timezone=GMT+08
14-Mar-2022 10:12:07.140 信息 [main] org.apache.catalina.startup.VersionLoggerListener.log Command line argument: -verbose:gc
14-Mar-2022 10:12:07.140 信息 [main] org.apache.catalina.startup.VersionLoggerListener.log Command line argument: -Xms1024m
14-Mar-2022 10:12:07.140 信息 [main] org.apache.catalina.startup.VersionLoggerListener.log Command line argument: -Xmx4096m
14-Mar-2022 10:12:07.140 信息 [main] org.apache.catalina.core.AprLifecycleListener.lifecycleEvent The APR based Apache Tomcat Native library which allows optimal performance in production environments was not found on the java.library.path: [C:\Program Files\RedHat\java-11-openjdk-11.0.6-2\bin;C:\Windows\Sun\Java\bin;C:\Windows\system32;C:\Windows;C:\Program Files\Microsoft MPI\Bin\;C:\Windows\system32;C:\Windows;C:\Windows\System32\Wbem;C:\Windows\System32\WindowsPowerShell\v1.0\;C:\Windows\System32\OpenSSH\;C:\Program Files (x86)\Intel\Intel(R) Management Engine Components\DAL;C:\Program Files\Intel\Intel(R) Management Engine Components\DAL;C:\Program Files (x86)\Microsoft SQL Server\150\Tools\Binn\;C:\Program Files\Microsoft SQL Server\150\Tools\Binn\;C:\Program Files (x86)\Microsoft SQL Server\150\DTS\Binn\;C:\Program Files\Microsoft SQL Server\150\DTS\Binn\;C:\Program Files\Microsoft SQL Server\Client SDK\ODBC\170\Tools\Binn\;C:\Program Files\Azure Data Studio\bin;C:\Program Files\RedHat\java-11-openjdk-11.0.6-2\bin;C:\Windows\system32\config\systemprofile\AppData\Local\Microsoft\WindowsApps;.]
14-Mar-2022 10:12:07.168 信息 [main] org.apache.coyote.AbstractProtocol.init Initializing ProtocolHandler ["http-nio-8181"]
14-Mar-2022 10:12:07.247 信息 [main] org.apache.tomcat.util.net.NioSelectorPool.getSharedSelector Using a shared selector for servlet write/read
14-Mar-2022 10:12:07.254 信息 [main] org.apache.catalina.startup.Catalina.load Initialization processed in 430 ms
14-Mar-2022 10:12:07.289 信息 [main] org.apache.catalina.core.StandardService.startInternal Starting service [Catalina]
14-Mar-2022 10:12:07.289 信息 [main] org.apache.catalina.core.StandardEngine.startInternal Starting Servlet Engine: Apache Tomcat/8.5.39
14-Mar-2022 10:12:07.298 信息 [localhost-startStop-1] org.apache.catalina.startup.HostConfig.deployDirectory Deploying web application directory [D:\hikrobot\hikcms\webapps\download]
14-Mar-2022 10:12:07.577 信息 [localhost-startStop-1] org.apache.catalina.startup.HostConfig.deployDirectory Deployment of web application directory [D:\hikrobot\hikcms\webapps\download] has finished in [279] ms
14-Mar-2022 10:12:07.577 信息 [localhost-startStop-1] org.apache.catalina.startup.HostConfig.deployDirectory Deploying web application directory [D:\hikrobot\hikcms\webapps\rcms]
14-Mar-2022 10:12:13.910 信息 [localhost-startStop-1] org.apache.jasper.servlet.TldScanner.scanJars At least one JAR was scanned for TLDs yet contained no TLDs. Enable debug logging for this logger for a complete list of JARs that were scanned but no TLDs were found in them. Skipping unneeded JARs during scanning can improve startup time and JSP compilation time.
14-Mar-2022 10:13:06.871 信息 [localhost-startStop-1] org.apache.catalina.startup.HostConfig.deployDirectory Deployment of web application directory [D:\hikrobot\hikcms\webapps\rcms] has finished in [59,294] ms
14-Mar-2022 10:13:06.871 信息 [localhost-startStop-1] org.apache.catalina.startup.HostConfig.deployDirectory Deploying web application directory [D:\hikrobot\hikcms\webapps\ROOT]
14-Mar-2022 10:13:06.889 信息 [localhost-startStop-1] org.apache.catalina.startup.HostConfig.deployDirectory Deployment of web application directory [D:\hikrobot\hikcms\webapps\ROOT] has finished in [18] ms
14-Mar-2022 10:13:06.890 信息 [localhost-startStop-1] org.apache.catalina.startup.HostConfig.deployDirectory Deploying web application directory [D:\hikrobot\hikcms\webapps\update]
14-Mar-2022 10:13:06.901 信息 [localhost-startStop-1] org.apache.catalina.startup.HostConfig.deployDirectory Deployment of web application directory [D:\hikrobot\hikcms\webapps\update] has finished in [11] ms
14-Mar-2022 10:13:06.905 信息 [main] org.apache.coyote.AbstractProtocol.start Starting ProtocolHandler ["http-nio-8181"]
14-Mar-2022 10:13:06.913 信息 [main] org.apache.catalina.startup.Catalina.start Server startup in 59658 ms
