23-Feb-2022 09:20:53.662 信息 [main] org.apache.catalina.startup.VersionLoggerListener.log Server version:        Apache Tomcat/8.5.39
23-Feb-2022 09:20:53.667 信息 [main] org.apache.catalina.startup.VersionLoggerListener.log Server built:          Mar 14 2019 11:24:26 UTC
23-Feb-2022 09:20:53.667 信息 [main] org.apache.catalina.startup.VersionLoggerListener.log Server number:         8.5.39.0
23-Feb-2022 09:20:53.667 信息 [main] org.apache.catalina.startup.VersionLoggerListener.log OS Name:               Windows 10
23-Feb-2022 09:20:53.667 信息 [main] org.apache.catalina.startup.VersionLoggerListener.log OS Version:            10.0
23-Feb-2022 09:20:53.667 信息 [main] org.apache.catalina.startup.VersionLoggerListener.log Architecture:          amd64
23-Feb-2022 09:20:53.667 信息 [main] org.apache.catalina.startup.VersionLoggerListener.log Java Home:             C:\Program Files\RedHat\java-11-openjdk-11.0.6-2
23-Feb-2022 09:20:53.667 信息 [main] org.apache.catalina.startup.VersionLoggerListener.log JVM Version:           11.0.6+10-LTS
23-Feb-2022 09:20:53.667 信息 [main] org.apache.catalina.startup.VersionLoggerListener.log JVM Vendor:            Oracle Corporation
23-Feb-2022 09:20:53.667 信息 [main] org.apache.catalina.startup.VersionLoggerListener.log CATALINA_BASE:         D:\hikrobot\hikcms
23-Feb-2022 09:20:53.668 信息 [main] org.apache.catalina.startup.VersionLoggerListener.log CATALINA_HOME:         D:\hikrobot\hikcms
23-Feb-2022 09:20:53.669 信息 [main] org.apache.catalina.startup.VersionLoggerListener.log Command line argument: --add-opens=java.base/java.lang=ALL-UNNAMED
23-Feb-2022 09:20:53.669 信息 [main] org.apache.catalina.startup.VersionLoggerListener.log Command line argument: --add-opens=java.base/java.io=ALL-UNNAMED
23-Feb-2022 09:20:53.669 信息 [main] org.apache.catalina.startup.VersionLoggerListener.log Command line argument: --add-opens=java.rmi/sun.rmi.transport=ALL-UNNAMED
23-Feb-2022 09:20:53.669 信息 [main] org.apache.catalina.startup.VersionLoggerListener.log Command line argument: -Dcatalina.home=D:\hikrobot\hikcms
23-Feb-2022 09:20:53.670 信息 [main] org.apache.catalina.startup.VersionLoggerListener.log Command line argument: -Dcatalina.base=D:\hikrobot\hikcms
23-Feb-2022 09:20:53.670 信息 [main] org.apache.catalina.startup.VersionLoggerListener.log Command line argument: -Dignore.endorsed.dirs=D:\hikrobot\hikcms\endorsed
23-Feb-2022 09:20:53.670 信息 [main] org.apache.catalina.startup.VersionLoggerListener.log Command line argument: -Djava.io.tmpdir=D:\hikrobot\hikcms\temp
23-Feb-2022 09:20:53.670 信息 [main] org.apache.catalina.startup.VersionLoggerListener.log Command line argument: -Djava.util.logging.manager=org.apache.juli.ClassLoaderLogManager
23-Feb-2022 09:20:53.670 信息 [main] org.apache.catalina.startup.VersionLoggerListener.log Command line argument: -Djava.util.logging.config.file=D:\hikrobot\hikcms\conf\logging.properties
23-Feb-2022 09:20:53.670 信息 [main] org.apache.catalina.startup.VersionLoggerListener.log Command line argument: -Xms1024m
23-Feb-2022 09:20:53.670 信息 [main] org.apache.catalina.startup.VersionLoggerListener.log Command line argument: -Xmx4096m
23-Feb-2022 09:20:53.670 信息 [main] org.apache.catalina.startup.VersionLoggerListener.log Command line argument: -XX:ReservedCodeCacheSize=64m
23-Feb-2022 09:20:53.670 信息 [main] org.apache.catalina.startup.VersionLoggerListener.log Command line argument: -Duser.timezone=GMT+08
23-Feb-2022 09:20:53.670 信息 [main] org.apache.catalina.startup.VersionLoggerListener.log Command line argument: -verbose:gc
23-Feb-2022 09:20:53.671 信息 [main] org.apache.catalina.startup.VersionLoggerListener.log Command line argument: -Xms1024m
23-Feb-2022 09:20:53.671 信息 [main] org.apache.catalina.startup.VersionLoggerListener.log Command line argument: -Xmx4096m
23-Feb-2022 09:20:53.671 信息 [main] org.apache.catalina.core.AprLifecycleListener.lifecycleEvent The APR based Apache Tomcat Native library which allows optimal performance in production environments was not found on the java.library.path: [C:\Program Files\RedHat\java-11-openjdk-11.0.6-2\bin;C:\Windows\Sun\Java\bin;C:\Windows\system32;C:\Windows;C:\Program Files\Microsoft MPI\Bin\;C:\Windows\system32;C:\Windows;C:\Windows\System32\Wbem;C:\Windows\System32\WindowsPowerShell\v1.0\;C:\Windows\System32\OpenSSH\;C:\Program Files (x86)\Intel\Intel(R) Management Engine Components\DAL;C:\Program Files\Intel\Intel(R) Management Engine Components\DAL;C:\Program Files (x86)\Microsoft SQL Server\150\Tools\Binn\;C:\Program Files\Microsoft SQL Server\150\Tools\Binn\;C:\Program Files (x86)\Microsoft SQL Server\150\DTS\Binn\;C:\Program Files\Microsoft SQL Server\150\DTS\Binn\;C:\Program Files\Microsoft SQL Server\Client SDK\ODBC\170\Tools\Binn\;C:\Program Files\Azure Data Studio\bin;C:\Program Files\RedHat\java-11-openjdk-11.0.6-2\bin;C:\Windows\system32\config\systemprofile\AppData\Local\Microsoft\WindowsApps;.]
23-Feb-2022 09:20:54.720 信息 [main] org.apache.coyote.AbstractProtocol.init Initializing ProtocolHandler ["http-nio-8181"]
23-Feb-2022 09:20:54.803 信息 [main] org.apache.tomcat.util.net.NioSelectorPool.getSharedSelector Using a shared selector for servlet write/read
23-Feb-2022 09:20:54.907 信息 [main] org.apache.catalina.startup.Catalina.load Initialization processed in 2798 ms
23-Feb-2022 09:20:55.127 信息 [main] org.apache.catalina.core.StandardService.startInternal Starting service [Catalina]
23-Feb-2022 09:20:55.128 信息 [main] org.apache.catalina.core.StandardEngine.startInternal Starting Servlet Engine: Apache Tomcat/8.5.39
23-Feb-2022 09:20:55.146 信息 [localhost-startStop-1] org.apache.catalina.startup.HostConfig.deployDirectory Deploying web application directory [D:\hikrobot\hikcms\webapps\download]
23-Feb-2022 09:20:56.371 信息 [localhost-startStop-1] org.apache.catalina.startup.HostConfig.deployDirectory Deployment of web application directory [D:\hikrobot\hikcms\webapps\download] has finished in [1,224] ms
23-Feb-2022 09:20:56.371 信息 [localhost-startStop-1] org.apache.catalina.startup.HostConfig.deployDirectory Deploying web application directory [D:\hikrobot\hikcms\webapps\rcms]
23-Feb-2022 09:21:12.166 警告 [main] org.apache.catalina.startup.Bootstrap.main the tomcat will shutdown ...........
23-Feb-2022 09:21:12.216 警告 [main] org.apache.catalina.startup.Bootstrap.main the port :8181 tomcat will shutdown ...........
23-Feb-2022 09:21:12.287 警告 [main] org.apache.catalina.startup.KillServer.start the process   TCP    0.0.0.0:8181           0.0.0.0:0              LISTENING       6872 will be killed ......
23-Feb-2022 09:21:12.287 警告 [main] org.apache.catalina.startup.KillServer.start the process   TCP    127.0.0.1:8181         127.0.0.1:49818        CLOSE_WAIT      6872 will be killed ......
23-Feb-2022 09:21:12.287 警告 [main] org.apache.catalina.startup.KillServer.start the process   TCP    127.0.0.1:8181         127.0.0.1:49838        CLOSE_WAIT      6872 will be killed ......
23-Feb-2022 09:21:12.287 警告 [main] org.apache.catalina.startup.KillServer.start the process   TCP    127.0.0.1:8181         127.0.0.1:49861        CLOSE_WAIT      6872 will be killed ......
23-Feb-2022 09:21:12.287 警告 [main] org.apache.catalina.startup.KillServer.start the process   TCP    127.0.0.1:8181         127.0.0.1:49882        CLOSE_WAIT      6872 will be killed ......
23-Feb-2022 09:21:12.287 警告 [main] org.apache.catalina.startup.KillServer.start the process   TCP    [::]:8181              [::]:0                 LISTENING       6872 will be killed ......
23-Feb-2022 09:21:12.328 信息 [main] org.apache.catalina.startup.KillServer.killWithPid the process 6872 killed is 成功: 已终止 PID 为 6872 的进程。
23-Feb-2022 09:22:10.243 信息 [main] org.apache.catalina.startup.VersionLoggerListener.log Server version:        Apache Tomcat/8.5.39
23-Feb-2022 09:22:10.248 信息 [main] org.apache.catalina.startup.VersionLoggerListener.log Server built:          Mar 14 2019 11:24:26 UTC
23-Feb-2022 09:22:10.248 信息 [main] org.apache.catalina.startup.VersionLoggerListener.log Server number:         8.5.39.0
23-Feb-2022 09:22:10.248 信息 [main] org.apache.catalina.startup.VersionLoggerListener.log OS Name:               Windows 10
23-Feb-2022 09:22:10.248 信息 [main] org.apache.catalina.startup.VersionLoggerListener.log OS Version:            10.0
23-Feb-2022 09:22:10.248 信息 [main] org.apache.catalina.startup.VersionLoggerListener.log Architecture:          amd64
23-Feb-2022 09:22:10.248 信息 [main] org.apache.catalina.startup.VersionLoggerListener.log Java Home:             C:\Program Files\RedHat\java-11-openjdk-11.0.6-2
23-Feb-2022 09:22:10.248 信息 [main] org.apache.catalina.startup.VersionLoggerListener.log JVM Version:           11.0.6+10-LTS
23-Feb-2022 09:22:10.249 信息 [main] org.apache.catalina.startup.VersionLoggerListener.log JVM Vendor:            Oracle Corporation
23-Feb-2022 09:22:10.249 信息 [main] org.apache.catalina.startup.VersionLoggerListener.log CATALINA_BASE:         D:\hikrobot\hikcms
23-Feb-2022 09:22:10.249 信息 [main] org.apache.catalina.startup.VersionLoggerListener.log CATALINA_HOME:         D:\hikrobot\hikcms
23-Feb-2022 09:22:10.250 信息 [main] org.apache.catalina.startup.VersionLoggerListener.log Command line argument: --add-opens=java.base/java.lang=ALL-UNNAMED
23-Feb-2022 09:22:10.250 信息 [main] org.apache.catalina.startup.VersionLoggerListener.log Command line argument: --add-opens=java.base/java.io=ALL-UNNAMED
23-Feb-2022 09:22:10.250 信息 [main] org.apache.catalina.startup.VersionLoggerListener.log Command line argument: --add-opens=java.rmi/sun.rmi.transport=ALL-UNNAMED
23-Feb-2022 09:22:10.250 信息 [main] org.apache.catalina.startup.VersionLoggerListener.log Command line argument: -Dcatalina.home=D:\hikrobot\hikcms
23-Feb-2022 09:22:10.250 信息 [main] org.apache.catalina.startup.VersionLoggerListener.log Command line argument: -Dcatalina.base=D:\hikrobot\hikcms
23-Feb-2022 09:22:10.250 信息 [main] org.apache.catalina.startup.VersionLoggerListener.log Command line argument: -Dignore.endorsed.dirs=D:\hikrobot\hikcms\endorsed
23-Feb-2022 09:22:10.251 信息 [main] org.apache.catalina.startup.VersionLoggerListener.log Command line argument: -Djava.io.tmpdir=D:\hikrobot\hikcms\temp
23-Feb-2022 09:22:10.251 信息 [main] org.apache.catalina.startup.VersionLoggerListener.log Command line argument: -Djava.util.logging.manager=org.apache.juli.ClassLoaderLogManager
23-Feb-2022 09:22:10.251 信息 [main] org.apache.catalina.startup.VersionLoggerListener.log Command line argument: -Djava.util.logging.config.file=D:\hikrobot\hikcms\conf\logging.properties
23-Feb-2022 09:22:10.251 信息 [main] org.apache.catalina.startup.VersionLoggerListener.log Command line argument: -Xms1024m
23-Feb-2022 09:22:10.251 信息 [main] org.apache.catalina.startup.VersionLoggerListener.log Command line argument: -Xmx4096m
23-Feb-2022 09:22:10.251 信息 [main] org.apache.catalina.startup.VersionLoggerListener.log Command line argument: -XX:ReservedCodeCacheSize=64m
23-Feb-2022 09:22:10.251 信息 [main] org.apache.catalina.startup.VersionLoggerListener.log Command line argument: -Duser.timezone=GMT+08
23-Feb-2022 09:22:10.251 信息 [main] org.apache.catalina.startup.VersionLoggerListener.log Command line argument: -verbose:gc
23-Feb-2022 09:22:10.251 信息 [main] org.apache.catalina.startup.VersionLoggerListener.log Command line argument: -Xms1024m
23-Feb-2022 09:22:10.251 信息 [main] org.apache.catalina.startup.VersionLoggerListener.log Command line argument: -Xmx4096m
23-Feb-2022 09:22:10.251 信息 [main] org.apache.catalina.core.AprLifecycleListener.lifecycleEvent The APR based Apache Tomcat Native library which allows optimal performance in production environments was not found on the java.library.path: [C:\Program Files\RedHat\java-11-openjdk-11.0.6-2\bin;C:\Windows\Sun\Java\bin;C:\Windows\system32;C:\Windows;C:\Program Files\Microsoft MPI\Bin\;C:\Windows\system32;C:\Windows;C:\Windows\System32\Wbem;C:\Windows\System32\WindowsPowerShell\v1.0\;C:\Windows\System32\OpenSSH\;C:\Program Files (x86)\Intel\Intel(R) Management Engine Components\DAL;C:\Program Files\Intel\Intel(R) Management Engine Components\DAL;C:\Program Files (x86)\Microsoft SQL Server\150\Tools\Binn\;C:\Program Files\Microsoft SQL Server\150\Tools\Binn\;C:\Program Files (x86)\Microsoft SQL Server\150\DTS\Binn\;C:\Program Files\Microsoft SQL Server\150\DTS\Binn\;C:\Program Files\Microsoft SQL Server\Client SDK\ODBC\170\Tools\Binn\;C:\Program Files\Azure Data Studio\bin;C:\Program Files\RedHat\java-11-openjdk-11.0.6-2\bin;C:\Windows\system32\config\systemprofile\AppData\Local\Microsoft\WindowsApps;.]
23-Feb-2022 09:22:12.025 信息 [main] org.apache.coyote.AbstractProtocol.init Initializing ProtocolHandler ["http-nio-8181"]
23-Feb-2022 09:22:12.156 信息 [main] org.apache.tomcat.util.net.NioSelectorPool.getSharedSelector Using a shared selector for servlet write/read
23-Feb-2022 09:22:12.171 信息 [main] org.apache.catalina.startup.Catalina.load Initialization processed in 3429 ms
23-Feb-2022 09:22:12.504 信息 [main] org.apache.catalina.core.StandardService.startInternal Starting service [Catalina]
23-Feb-2022 09:22:12.504 信息 [main] org.apache.catalina.core.StandardEngine.startInternal Starting Servlet Engine: Apache Tomcat/8.5.39
23-Feb-2022 09:22:12.607 信息 [localhost-startStop-1] org.apache.catalina.startup.HostConfig.deployDirectory Deploying web application directory [D:\hikrobot\hikcms\webapps\download]
23-Feb-2022 09:22:13.549 信息 [localhost-startStop-1] org.apache.catalina.startup.HostConfig.deployDirectory Deployment of web application directory [D:\hikrobot\hikcms\webapps\download] has finished in [941] ms
23-Feb-2022 09:22:13.550 信息 [localhost-startStop-1] org.apache.catalina.startup.HostConfig.deployDirectory Deploying web application directory [D:\hikrobot\hikcms\webapps\rcms]
23-Feb-2022 09:22:39.116 信息 [localhost-startStop-1] org.apache.jasper.servlet.TldScanner.scanJars At least one JAR was scanned for TLDs yet contained no TLDs. Enable debug logging for this logger for a complete list of JARs that were scanned but no TLDs were found in them. Skipping unneeded JARs during scanning can improve startup time and JSP compilation time.
23-Feb-2022 09:26:41.590 严重 [localhost-startStop-1] org.apache.catalina.core.StandardContext.startInternal One or more listeners failed to start. Full details will be found in the appropriate container log file
23-Feb-2022 09:26:41.593 严重 [localhost-startStop-1] org.apache.catalina.core.StandardContext.startInternal Context [/rcms] startup failed due to previous errors
23-Feb-2022 09:33:32.921 信息 [main] org.apache.catalina.startup.VersionLoggerListener.log Server version:        Apache Tomcat/8.5.39
23-Feb-2022 09:33:32.924 信息 [main] org.apache.catalina.startup.VersionLoggerListener.log Server built:          Mar 14 2019 11:24:26 UTC
23-Feb-2022 09:33:32.925 信息 [main] org.apache.catalina.startup.VersionLoggerListener.log Server number:         8.5.39.0
23-Feb-2022 09:33:32.925 信息 [main] org.apache.catalina.startup.VersionLoggerListener.log OS Name:               Windows 10
23-Feb-2022 09:33:32.925 信息 [main] org.apache.catalina.startup.VersionLoggerListener.log OS Version:            10.0
23-Feb-2022 09:33:32.925 信息 [main] org.apache.catalina.startup.VersionLoggerListener.log Architecture:          amd64
23-Feb-2022 09:33:32.925 信息 [main] org.apache.catalina.startup.VersionLoggerListener.log Java Home:             C:\Program Files\RedHat\java-11-openjdk-11.0.6-2
23-Feb-2022 09:33:32.925 信息 [main] org.apache.catalina.startup.VersionLoggerListener.log JVM Version:           11.0.6+10-LTS
23-Feb-2022 09:33:32.925 信息 [main] org.apache.catalina.startup.VersionLoggerListener.log JVM Vendor:            Oracle Corporation
23-Feb-2022 09:33:32.925 信息 [main] org.apache.catalina.startup.VersionLoggerListener.log CATALINA_BASE:         D:\hikrobot\hikcms
23-Feb-2022 09:33:32.925 信息 [main] org.apache.catalina.startup.VersionLoggerListener.log CATALINA_HOME:         D:\hikrobot\hikcms
23-Feb-2022 09:33:32.926 信息 [main] org.apache.catalina.startup.VersionLoggerListener.log Command line argument: --add-opens=java.base/java.lang=ALL-UNNAMED
23-Feb-2022 09:33:32.926 信息 [main] org.apache.catalina.startup.VersionLoggerListener.log Command line argument: --add-opens=java.base/java.io=ALL-UNNAMED
23-Feb-2022 09:33:32.926 信息 [main] org.apache.catalina.startup.VersionLoggerListener.log Command line argument: --add-opens=java.rmi/sun.rmi.transport=ALL-UNNAMED
23-Feb-2022 09:33:32.926 信息 [main] org.apache.catalina.startup.VersionLoggerListener.log Command line argument: -Dcatalina.home=D:\hikrobot\hikcms
23-Feb-2022 09:33:32.926 信息 [main] org.apache.catalina.startup.VersionLoggerListener.log Command line argument: -Dcatalina.base=D:\hikrobot\hikcms
23-Feb-2022 09:33:32.926 信息 [main] org.apache.catalina.startup.VersionLoggerListener.log Command line argument: -Dignore.endorsed.dirs=D:\hikrobot\hikcms\endorsed
23-Feb-2022 09:33:32.926 信息 [main] org.apache.catalina.startup.VersionLoggerListener.log Command line argument: -Djava.io.tmpdir=D:\hikrobot\hikcms\temp
23-Feb-2022 09:33:32.927 信息 [main] org.apache.catalina.startup.VersionLoggerListener.log Command line argument: -Djava.util.logging.manager=org.apache.juli.ClassLoaderLogManager
23-Feb-2022 09:33:32.927 信息 [main] org.apache.catalina.startup.VersionLoggerListener.log Command line argument: -Djava.util.logging.config.file=D:\hikrobot\hikcms\conf\logging.properties
23-Feb-2022 09:33:32.927 信息 [main] org.apache.catalina.startup.VersionLoggerListener.log Command line argument: -Xms1024m
23-Feb-2022 09:33:32.927 信息 [main] org.apache.catalina.startup.VersionLoggerListener.log Command line argument: -Xmx4096m
23-Feb-2022 09:33:32.927 信息 [main] org.apache.catalina.startup.VersionLoggerListener.log Command line argument: -XX:ReservedCodeCacheSize=64m
23-Feb-2022 09:33:32.927 信息 [main] org.apache.catalina.startup.VersionLoggerListener.log Command line argument: -Duser.timezone=GMT+08
23-Feb-2022 09:33:32.927 信息 [main] org.apache.catalina.startup.VersionLoggerListener.log Command line argument: -verbose:gc
23-Feb-2022 09:33:32.927 信息 [main] org.apache.catalina.startup.VersionLoggerListener.log Command line argument: -Xms1024m
23-Feb-2022 09:33:32.927 信息 [main] org.apache.catalina.startup.VersionLoggerListener.log Command line argument: -Xmx4096m
23-Feb-2022 09:33:32.927 信息 [main] org.apache.catalina.core.AprLifecycleListener.lifecycleEvent The APR based Apache Tomcat Native library which allows optimal performance in production environments was not found on the java.library.path: [C:\Program Files\RedHat\java-11-openjdk-11.0.6-2\bin;C:\Windows\Sun\Java\bin;C:\Windows\system32;C:\Windows;C:\Program Files\Microsoft MPI\Bin\;C:\Windows\system32;C:\Windows;C:\Windows\System32\Wbem;C:\Windows\System32\WindowsPowerShell\v1.0\;C:\Windows\System32\OpenSSH\;C:\Program Files (x86)\Intel\Intel(R) Management Engine Components\DAL;C:\Program Files\Intel\Intel(R) Management Engine Components\DAL;C:\Program Files (x86)\Microsoft SQL Server\150\Tools\Binn\;C:\Program Files\Microsoft SQL Server\150\Tools\Binn\;C:\Program Files (x86)\Microsoft SQL Server\150\DTS\Binn\;C:\Program Files\Microsoft SQL Server\150\DTS\Binn\;C:\Program Files\Microsoft SQL Server\Client SDK\ODBC\170\Tools\Binn\;C:\Program Files\Azure Data Studio\bin;C:\Program Files\RedHat\java-11-openjdk-11.0.6-2\bin;C:\Windows\system32\config\systemprofile\AppData\Local\Microsoft\WindowsApps;.]
23-Feb-2022 09:33:32.955 信息 [main] org.apache.coyote.AbstractProtocol.init Initializing ProtocolHandler ["http-nio-8181"]
23-Feb-2022 09:33:33.038 信息 [main] org.apache.tomcat.util.net.NioSelectorPool.getSharedSelector Using a shared selector for servlet write/read
23-Feb-2022 09:33:33.053 信息 [main] org.apache.catalina.startup.Catalina.load Initialization processed in 453 ms
23-Feb-2022 09:33:33.094 信息 [main] org.apache.catalina.core.StandardService.startInternal Starting service [Catalina]
23-Feb-2022 09:33:33.095 信息 [main] org.apache.catalina.core.StandardEngine.startInternal Starting Servlet Engine: Apache Tomcat/8.5.39
23-Feb-2022 09:33:33.103 信息 [localhost-startStop-1] org.apache.catalina.startup.HostConfig.deployDirectory Deploying web application directory [D:\hikrobot\hikcms\webapps\download]
23-Feb-2022 09:33:33.402 信息 [localhost-startStop-1] org.apache.catalina.startup.HostConfig.deployDirectory Deployment of web application directory [D:\hikrobot\hikcms\webapps\download] has finished in [298] ms
23-Feb-2022 09:33:33.403 信息 [localhost-startStop-1] org.apache.catalina.startup.HostConfig.deployDirectory Deploying web application directory [D:\hikrobot\hikcms\webapps\rcms]
23-Feb-2022 09:33:40.231 信息 [localhost-startStop-1] org.apache.jasper.servlet.TldScanner.scanJars At least one JAR was scanned for TLDs yet contained no TLDs. Enable debug logging for this logger for a complete list of JARs that were scanned but no TLDs were found in them. Skipping unneeded JARs during scanning can improve startup time and JSP compilation time.
23-Feb-2022 09:34:34.092 信息 [localhost-startStop-1] org.apache.catalina.startup.HostConfig.deployDirectory Deployment of web application directory [D:\hikrobot\hikcms\webapps\rcms] has finished in [60,689] ms
23-Feb-2022 09:34:34.092 信息 [localhost-startStop-1] org.apache.catalina.startup.HostConfig.deployDirectory Deploying web application directory [D:\hikrobot\hikcms\webapps\ROOT]
23-Feb-2022 09:34:34.115 信息 [localhost-startStop-1] org.apache.catalina.startup.HostConfig.deployDirectory Deployment of web application directory [D:\hikrobot\hikcms\webapps\ROOT] has finished in [22] ms
23-Feb-2022 09:34:34.115 信息 [localhost-startStop-1] org.apache.catalina.startup.HostConfig.deployDirectory Deploying web application directory [D:\hikrobot\hikcms\webapps\update]
23-Feb-2022 09:34:34.126 信息 [localhost-startStop-1] org.apache.catalina.startup.HostConfig.deployDirectory Deployment of web application directory [D:\hikrobot\hikcms\webapps\update] has finished in [11] ms
23-Feb-2022 09:34:34.130 信息 [main] org.apache.coyote.AbstractProtocol.start Starting ProtocolHandler ["http-nio-8181"]
23-Feb-2022 09:34:34.138 信息 [main] org.apache.catalina.startup.Catalina.start Server startup in 61083 ms
23-Feb-2022 17:35:12.504 警告 [main] org.apache.catalina.startup.Bootstrap.main the tomcat will shutdown ...........
23-Feb-2022 17:35:12.564 警告 [main] org.apache.catalina.startup.Bootstrap.main the port :8181 tomcat will shutdown ...........
23-Feb-2022 17:35:12.625 警告 [main] org.apache.catalina.startup.KillServer.start the process   TCP    0.0.0.0:8181           0.0.0.0:0              LISTENING       2132 will be killed ......
23-Feb-2022 17:35:12.626 警告 [main] org.apache.catalina.startup.KillServer.start the process   TCP    [::]:8181              [::]:0                 LISTENING       2132 will be killed ......
23-Feb-2022 17:35:12.719 信息 [main] org.apache.catalina.startup.KillServer.killWithPid the process 2132 killed is 成功: 已终止 PID 为 2132 的进程。
