07-Nov-2022 15:56:19.411 信息 [main] org.apache.catalina.startup.VersionLoggerListener.log Server version:        Apache Tomcat/8.5.39
07-Nov-2022 15:56:19.416 信息 [main] org.apache.catalina.startup.VersionLoggerListener.log Server built:          Mar 14 2019 11:24:26 UTC
07-Nov-2022 15:56:19.417 信息 [main] org.apache.catalina.startup.VersionLoggerListener.log Server number:         8.5.39.0
07-Nov-2022 15:56:19.417 信息 [main] org.apache.catalina.startup.VersionLoggerListener.log OS Name:               Windows 10
07-Nov-2022 15:56:19.417 信息 [main] org.apache.catalina.startup.VersionLoggerListener.log OS Version:            10.0
07-Nov-2022 15:56:19.417 信息 [main] org.apache.catalina.startup.VersionLoggerListener.log Architecture:          amd64
07-Nov-2022 15:56:19.417 信息 [main] org.apache.catalina.startup.VersionLoggerListener.log Java Home:             C:\Program Files\RedHat\java-11-openjdk-11.0.6-2
07-Nov-2022 15:56:19.417 信息 [main] org.apache.catalina.startup.VersionLoggerListener.log JVM Version:           11.0.6+10-LTS
07-Nov-2022 15:56:19.417 信息 [main] org.apache.catalina.startup.VersionLoggerListener.log JVM Vendor:            Oracle Corporation
07-Nov-2022 15:56:19.417 信息 [main] org.apache.catalina.startup.VersionLoggerListener.log CATALINA_BASE:         D:\hikrobot\hikcms
07-Nov-2022 15:56:19.417 信息 [main] org.apache.catalina.startup.VersionLoggerListener.log CATALINA_HOME:         D:\hikrobot\hikcms
07-Nov-2022 15:56:19.418 信息 [main] org.apache.catalina.startup.VersionLoggerListener.log Command line argument: --add-opens=java.base/java.lang=ALL-UNNAMED
07-Nov-2022 15:56:19.419 信息 [main] org.apache.catalina.startup.VersionLoggerListener.log Command line argument: --add-opens=java.base/java.io=ALL-UNNAMED
07-Nov-2022 15:56:19.419 信息 [main] org.apache.catalina.startup.VersionLoggerListener.log Command line argument: --add-opens=java.rmi/sun.rmi.transport=ALL-UNNAMED
07-Nov-2022 15:56:19.419 信息 [main] org.apache.catalina.startup.VersionLoggerListener.log Command line argument: -Dcatalina.home=D:\hikrobot\hikcms
07-Nov-2022 15:56:19.419 信息 [main] org.apache.catalina.startup.VersionLoggerListener.log Command line argument: -Dcatalina.base=D:\hikrobot\hikcms
07-Nov-2022 15:56:19.419 信息 [main] org.apache.catalina.startup.VersionLoggerListener.log Command line argument: -Dignore.endorsed.dirs=D:\hikrobot\hikcms\endorsed
07-Nov-2022 15:56:19.419 信息 [main] org.apache.catalina.startup.VersionLoggerListener.log Command line argument: -Djava.io.tmpdir=D:\hikrobot\hikcms\temp
07-Nov-2022 15:56:19.419 信息 [main] org.apache.catalina.startup.VersionLoggerListener.log Command line argument: -Djava.util.logging.manager=org.apache.juli.ClassLoaderLogManager
07-Nov-2022 15:56:19.419 信息 [main] org.apache.catalina.startup.VersionLoggerListener.log Command line argument: -Djava.util.logging.config.file=D:\hikrobot\hikcms\conf\logging.properties
07-Nov-2022 15:56:19.419 信息 [main] org.apache.catalina.startup.VersionLoggerListener.log Command line argument: -Xms1024m
07-Nov-2022 15:56:19.419 信息 [main] org.apache.catalina.startup.VersionLoggerListener.log Command line argument: -Xmx4096m
07-Nov-2022 15:56:19.419 信息 [main] org.apache.catalina.startup.VersionLoggerListener.log Command line argument: -XX:ReservedCodeCacheSize=64m
07-Nov-2022 15:56:19.419 信息 [main] org.apache.catalina.startup.VersionLoggerListener.log Command line argument: -Duser.timezone=GMT+08
07-Nov-2022 15:56:19.419 信息 [main] org.apache.catalina.startup.VersionLoggerListener.log Command line argument: -verbose:gc
07-Nov-2022 15:56:19.419 信息 [main] org.apache.catalina.startup.VersionLoggerListener.log Command line argument: -Xms1024m
07-Nov-2022 15:56:19.420 信息 [main] org.apache.catalina.startup.VersionLoggerListener.log Command line argument: -Xmx4096m
07-Nov-2022 15:56:19.420 信息 [main] org.apache.catalina.core.AprLifecycleListener.lifecycleEvent The APR based Apache Tomcat Native library which allows optimal performance in production environments was not found on the java.library.path: [C:\Program Files\RedHat\java-11-openjdk-11.0.6-2\bin;C:\Windows\Sun\Java\bin;C:\Windows\system32;C:\Windows;C:\Program Files\Common Files\Siemens\Automation\Simatic OAM\bin;C:\Program Files\Microsoft MPI\Bin\;C:\Windows\system32;C:\Windows;C:\Windows\System32\Wbem;C:\Windows\System32\WindowsPowerShell\v1.0\;C:\Windows\System32\OpenSSH\;C:\Program Files (x86)\Intel\Intel(R) Management Engine Components\DAL;C:\Program Files\Intel\Intel(R) Management Engine Components\DAL;C:\Program Files (x86)\Microsoft SQL Server\150\Tools\Binn\;C:\Program Files\Microsoft SQL Server\150\Tools\Binn\;C:\Program Files (x86)\Microsoft SQL Server\150\DTS\Binn\;C:\Program Files\Microsoft SQL Server\150\DTS\Binn\;C:\Program Files\Microsoft SQL Server\Client SDK\ODBC\170\Tools\Binn\;C:\Program Files\Azure Data Studio\bin;C:\Program Files\RedHat\java-11-openjdk-11.0.6-2\bin;C:\Windows\system32\config\systemprofile\AppData\Local\Microsoft\WindowsApps;.]
07-Nov-2022 15:56:20.121 信息 [main] org.apache.coyote.AbstractProtocol.init Initializing ProtocolHandler ["http-nio-8181"]
07-Nov-2022 15:56:20.438 信息 [main] org.apache.tomcat.util.net.NioSelectorPool.getSharedSelector Using a shared selector for servlet write/read
07-Nov-2022 15:56:20.636 信息 [main] org.apache.catalina.startup.Catalina.load Initialization processed in 2878 ms
07-Nov-2022 15:56:20.808 信息 [main] org.apache.catalina.core.StandardService.startInternal Starting service [Catalina]
07-Nov-2022 15:56:20.808 信息 [main] org.apache.catalina.core.StandardEngine.startInternal Starting Servlet Engine: Apache Tomcat/8.5.39
07-Nov-2022 15:56:21.321 信息 [localhost-startStop-1] org.apache.catalina.startup.HostConfig.deployDirectory Deploying web application directory [D:\hikrobot\hikcms\webapps\download]
07-Nov-2022 15:56:25.421 警告 [localhost-startStop-1] org.apache.catalina.util.SessionIdGeneratorBase.createSecureRandom Creation of SecureRandom instance for session ID generation using [SHA1PRNG] took [147] milliseconds.
07-Nov-2022 15:56:25.661 信息 [localhost-startStop-1] org.apache.catalina.startup.HostConfig.deployDirectory Deployment of web application directory [D:\hikrobot\hikcms\webapps\download] has finished in [4,340] ms
07-Nov-2022 15:56:25.661 信息 [localhost-startStop-1] org.apache.catalina.startup.HostConfig.deployDirectory Deploying web application directory [D:\hikrobot\hikcms\webapps\rcms]
07-Nov-2022 15:57:04.889 信息 [localhost-startStop-1] org.apache.jasper.servlet.TldScanner.scanJars At least one JAR was scanned for TLDs yet contained no TLDs. Enable debug logging for this logger for a complete list of JARs that were scanned but no TLDs were found in them. Skipping unneeded JARs during scanning can improve startup time and JSP compilation time.
07-Nov-2022 16:02:33.468 信息 [main] org.apache.catalina.startup.VersionLoggerListener.log Server version:        Apache Tomcat/8.5.39
07-Nov-2022 16:02:33.474 信息 [main] org.apache.catalina.startup.VersionLoggerListener.log Server built:          Mar 14 2019 11:24:26 UTC
07-Nov-2022 16:02:33.474 信息 [main] org.apache.catalina.startup.VersionLoggerListener.log Server number:         8.5.39.0
07-Nov-2022 16:02:33.474 信息 [main] org.apache.catalina.startup.VersionLoggerListener.log OS Name:               Windows 10
07-Nov-2022 16:02:33.475 信息 [main] org.apache.catalina.startup.VersionLoggerListener.log OS Version:            10.0
07-Nov-2022 16:02:33.475 信息 [main] org.apache.catalina.startup.VersionLoggerListener.log Architecture:          amd64
07-Nov-2022 16:02:33.475 信息 [main] org.apache.catalina.startup.VersionLoggerListener.log Java Home:             C:\Program Files\RedHat\java-11-openjdk-11.0.6-2
07-Nov-2022 16:02:33.475 信息 [main] org.apache.catalina.startup.VersionLoggerListener.log JVM Version:           11.0.6+10-LTS
07-Nov-2022 16:02:33.475 信息 [main] org.apache.catalina.startup.VersionLoggerListener.log JVM Vendor:            Oracle Corporation
07-Nov-2022 16:02:33.475 信息 [main] org.apache.catalina.startup.VersionLoggerListener.log CATALINA_BASE:         D:\hikrobot\hikcms
07-Nov-2022 16:02:33.475 信息 [main] org.apache.catalina.startup.VersionLoggerListener.log CATALINA_HOME:         D:\hikrobot\hikcms
07-Nov-2022 16:02:33.476 信息 [main] org.apache.catalina.startup.VersionLoggerListener.log Command line argument: --add-opens=java.base/java.lang=ALL-UNNAMED
07-Nov-2022 16:02:33.477 信息 [main] org.apache.catalina.startup.VersionLoggerListener.log Command line argument: --add-opens=java.base/java.io=ALL-UNNAMED
07-Nov-2022 16:02:33.477 信息 [main] org.apache.catalina.startup.VersionLoggerListener.log Command line argument: --add-opens=java.rmi/sun.rmi.transport=ALL-UNNAMED
07-Nov-2022 16:02:33.477 信息 [main] org.apache.catalina.startup.VersionLoggerListener.log Command line argument: -Dcatalina.home=D:\hikrobot\hikcms
07-Nov-2022 16:02:33.477 信息 [main] org.apache.catalina.startup.VersionLoggerListener.log Command line argument: -Dcatalina.base=D:\hikrobot\hikcms
07-Nov-2022 16:02:33.477 信息 [main] org.apache.catalina.startup.VersionLoggerListener.log Command line argument: -Dignore.endorsed.dirs=D:\hikrobot\hikcms\endorsed
07-Nov-2022 16:02:33.477 信息 [main] org.apache.catalina.startup.VersionLoggerListener.log Command line argument: -Djava.io.tmpdir=D:\hikrobot\hikcms\temp
07-Nov-2022 16:02:33.477 信息 [main] org.apache.catalina.startup.VersionLoggerListener.log Command line argument: -Djava.util.logging.manager=org.apache.juli.ClassLoaderLogManager
07-Nov-2022 16:02:33.477 信息 [main] org.apache.catalina.startup.VersionLoggerListener.log Command line argument: -Djava.util.logging.config.file=D:\hikrobot\hikcms\conf\logging.properties
07-Nov-2022 16:02:33.478 信息 [main] org.apache.catalina.startup.VersionLoggerListener.log Command line argument: -Xms1024m
07-Nov-2022 16:02:33.478 信息 [main] org.apache.catalina.startup.VersionLoggerListener.log Command line argument: -Xmx4096m
07-Nov-2022 16:02:33.478 信息 [main] org.apache.catalina.startup.VersionLoggerListener.log Command line argument: -XX:ReservedCodeCacheSize=64m
07-Nov-2022 16:02:33.478 信息 [main] org.apache.catalina.startup.VersionLoggerListener.log Command line argument: -Duser.timezone=GMT+08
07-Nov-2022 16:02:33.478 信息 [main] org.apache.catalina.startup.VersionLoggerListener.log Command line argument: -verbose:gc
07-Nov-2022 16:02:33.478 信息 [main] org.apache.catalina.startup.VersionLoggerListener.log Command line argument: -Xms1024m
07-Nov-2022 16:02:33.478 信息 [main] org.apache.catalina.startup.VersionLoggerListener.log Command line argument: -Xmx4096m
07-Nov-2022 16:02:33.478 信息 [main] org.apache.catalina.core.AprLifecycleListener.lifecycleEvent The APR based Apache Tomcat Native library which allows optimal performance in production environments was not found on the java.library.path: [C:\Program Files\RedHat\java-11-openjdk-11.0.6-2\bin;C:\Windows\Sun\Java\bin;C:\Windows\system32;C:\Windows;C:\Program Files\Common Files\Siemens\Automation\Simatic OAM\bin;C:\Program Files\Microsoft MPI\Bin\;C:\Windows\system32;C:\Windows;C:\Windows\System32\Wbem;C:\Windows\System32\WindowsPowerShell\v1.0\;C:\Windows\System32\OpenSSH\;C:\Program Files (x86)\Intel\Intel(R) Management Engine Components\DAL;C:\Program Files\Intel\Intel(R) Management Engine Components\DAL;C:\Program Files (x86)\Microsoft SQL Server\150\Tools\Binn\;C:\Program Files\Microsoft SQL Server\150\Tools\Binn\;C:\Program Files (x86)\Microsoft SQL Server\150\DTS\Binn\;C:\Program Files\Microsoft SQL Server\150\DTS\Binn\;C:\Program Files\Microsoft SQL Server\Client SDK\ODBC\170\Tools\Binn\;C:\Program Files\Azure Data Studio\bin;C:\Program Files\RedHat\java-11-openjdk-11.0.6-2\bin;C:\Windows\system32\config\systemprofile\AppData\Local\Microsoft\WindowsApps;.]
07-Nov-2022 16:02:34.557 信息 [main] org.apache.coyote.AbstractProtocol.init Initializing ProtocolHandler ["http-nio-8181"]
07-Nov-2022 16:02:34.755 信息 [main] org.apache.tomcat.util.net.NioSelectorPool.getSharedSelector Using a shared selector for servlet write/read
07-Nov-2022 16:02:34.889 信息 [main] org.apache.catalina.startup.Catalina.load Initialization processed in 3128 ms
07-Nov-2022 16:02:35.409 信息 [main] org.apache.catalina.core.StandardService.startInternal Starting service [Catalina]
07-Nov-2022 16:02:35.409 信息 [main] org.apache.catalina.core.StandardEngine.startInternal Starting Servlet Engine: Apache Tomcat/8.5.39
07-Nov-2022 16:02:36.221 信息 [localhost-startStop-1] org.apache.catalina.startup.HostConfig.deployDirectory Deploying web application directory [D:\hikrobot\hikcms\webapps\download]
07-Nov-2022 16:02:37.970 警告 [localhost-startStop-1] org.apache.catalina.util.SessionIdGeneratorBase.createSecureRandom Creation of SecureRandom instance for session ID generation using [SHA1PRNG] took [149] milliseconds.
07-Nov-2022 16:02:38.154 信息 [localhost-startStop-1] org.apache.catalina.startup.HostConfig.deployDirectory Deployment of web application directory [D:\hikrobot\hikcms\webapps\download] has finished in [1,933] ms
07-Nov-2022 16:02:38.155 信息 [localhost-startStop-1] org.apache.catalina.startup.HostConfig.deployDirectory Deploying web application directory [D:\hikrobot\hikcms\webapps\rcms]
07-Nov-2022 16:03:22.291 信息 [localhost-startStop-1] org.apache.jasper.servlet.TldScanner.scanJars At least one JAR was scanned for TLDs yet contained no TLDs. Enable debug logging for this logger for a complete list of JARs that were scanned but no TLDs were found in them. Skipping unneeded JARs during scanning can improve startup time and JSP compilation time.
07-Nov-2022 16:45:02.255 信息 [main] org.apache.catalina.startup.VersionLoggerListener.log Server version:        Apache Tomcat/8.5.39
07-Nov-2022 16:45:02.260 信息 [main] org.apache.catalina.startup.VersionLoggerListener.log Server built:          Mar 14 2019 11:24:26 UTC
07-Nov-2022 16:45:02.260 信息 [main] org.apache.catalina.startup.VersionLoggerListener.log Server number:         8.5.39.0
07-Nov-2022 16:45:02.260 信息 [main] org.apache.catalina.startup.VersionLoggerListener.log OS Name:               Windows 10
07-Nov-2022 16:45:02.260 信息 [main] org.apache.catalina.startup.VersionLoggerListener.log OS Version:            10.0
07-Nov-2022 16:45:02.260 信息 [main] org.apache.catalina.startup.VersionLoggerListener.log Architecture:          amd64
07-Nov-2022 16:45:02.260 信息 [main] org.apache.catalina.startup.VersionLoggerListener.log Java Home:             C:\Program Files\RedHat\java-11-openjdk-11.0.6-2
07-Nov-2022 16:45:02.260 信息 [main] org.apache.catalina.startup.VersionLoggerListener.log JVM Version:           11.0.6+10-LTS
07-Nov-2022 16:45:02.260 信息 [main] org.apache.catalina.startup.VersionLoggerListener.log JVM Vendor:            Oracle Corporation
07-Nov-2022 16:45:02.260 信息 [main] org.apache.catalina.startup.VersionLoggerListener.log CATALINA_BASE:         D:\hikrobot\hikcms
07-Nov-2022 16:45:02.261 信息 [main] org.apache.catalina.startup.VersionLoggerListener.log CATALINA_HOME:         D:\hikrobot\hikcms
07-Nov-2022 16:45:02.261 信息 [main] org.apache.catalina.startup.VersionLoggerListener.log Command line argument: --add-opens=java.base/java.lang=ALL-UNNAMED
07-Nov-2022 16:45:02.262 信息 [main] org.apache.catalina.startup.VersionLoggerListener.log Command line argument: --add-opens=java.base/java.io=ALL-UNNAMED
07-Nov-2022 16:45:02.262 信息 [main] org.apache.catalina.startup.VersionLoggerListener.log Command line argument: --add-opens=java.rmi/sun.rmi.transport=ALL-UNNAMED
07-Nov-2022 16:45:02.262 信息 [main] org.apache.catalina.startup.VersionLoggerListener.log Command line argument: -Dcatalina.home=D:\hikrobot\hikcms
07-Nov-2022 16:45:02.262 信息 [main] org.apache.catalina.startup.VersionLoggerListener.log Command line argument: -Dcatalina.base=D:\hikrobot\hikcms
07-Nov-2022 16:45:02.262 信息 [main] org.apache.catalina.startup.VersionLoggerListener.log Command line argument: -Dignore.endorsed.dirs=D:\hikrobot\hikcms\endorsed
07-Nov-2022 16:45:02.262 信息 [main] org.apache.catalina.startup.VersionLoggerListener.log Command line argument: -Djava.io.tmpdir=D:\hikrobot\hikcms\temp
07-Nov-2022 16:45:02.262 信息 [main] org.apache.catalina.startup.VersionLoggerListener.log Command line argument: -Djava.util.logging.manager=org.apache.juli.ClassLoaderLogManager
07-Nov-2022 16:45:02.262 信息 [main] org.apache.catalina.startup.VersionLoggerListener.log Command line argument: -Djava.util.logging.config.file=D:\hikrobot\hikcms\conf\logging.properties
07-Nov-2022 16:45:02.262 信息 [main] org.apache.catalina.startup.VersionLoggerListener.log Command line argument: -Xms1024m
07-Nov-2022 16:45:02.262 信息 [main] org.apache.catalina.startup.VersionLoggerListener.log Command line argument: -Xmx4096m
07-Nov-2022 16:45:02.262 信息 [main] org.apache.catalina.startup.VersionLoggerListener.log Command line argument: -XX:ReservedCodeCacheSize=64m
07-Nov-2022 16:45:02.262 信息 [main] org.apache.catalina.startup.VersionLoggerListener.log Command line argument: -Duser.timezone=GMT+08
07-Nov-2022 16:45:02.262 信息 [main] org.apache.catalina.startup.VersionLoggerListener.log Command line argument: -verbose:gc
07-Nov-2022 16:45:02.262 信息 [main] org.apache.catalina.startup.VersionLoggerListener.log Command line argument: -Xms1024m
07-Nov-2022 16:45:02.263 信息 [main] org.apache.catalina.startup.VersionLoggerListener.log Command line argument: -Xmx4096m
07-Nov-2022 16:45:02.263 信息 [main] org.apache.catalina.core.AprLifecycleListener.lifecycleEvent The APR based Apache Tomcat Native library which allows optimal performance in production environments was not found on the java.library.path: [C:\Program Files\RedHat\java-11-openjdk-11.0.6-2\bin;C:\Windows\Sun\Java\bin;C:\Windows\system32;C:\Windows;C:\Program Files\Common Files\Siemens\Automation\Simatic OAM\bin;C:\Program Files\Microsoft MPI\Bin\;C:\Windows\system32;C:\Windows;C:\Windows\System32\Wbem;C:\Windows\System32\WindowsPowerShell\v1.0\;C:\Windows\System32\OpenSSH\;C:\Program Files (x86)\Intel\Intel(R) Management Engine Components\DAL;C:\Program Files\Intel\Intel(R) Management Engine Components\DAL;C:\Program Files (x86)\Microsoft SQL Server\150\Tools\Binn\;C:\Program Files\Microsoft SQL Server\150\Tools\Binn\;C:\Program Files (x86)\Microsoft SQL Server\150\DTS\Binn\;C:\Program Files\Microsoft SQL Server\150\DTS\Binn\;C:\Program Files\Microsoft SQL Server\Client SDK\ODBC\170\Tools\Binn\;C:\Program Files\Azure Data Studio\bin;C:\Program Files\RedHat\java-11-openjdk-11.0.6-2\bin;C:\Windows\system32\config\systemprofile\AppData\Local\Microsoft\WindowsApps;.]
07-Nov-2022 16:45:03.042 信息 [main] org.apache.coyote.AbstractProtocol.init Initializing ProtocolHandler ["http-nio-8181"]
07-Nov-2022 16:45:03.243 信息 [main] org.apache.tomcat.util.net.NioSelectorPool.getSharedSelector Using a shared selector for servlet write/read
07-Nov-2022 16:45:03.305 信息 [main] org.apache.catalina.startup.Catalina.load Initialization processed in 4195 ms
07-Nov-2022 16:45:03.450 信息 [main] org.apache.catalina.core.StandardService.startInternal Starting service [Catalina]
07-Nov-2022 16:45:03.450 信息 [main] org.apache.catalina.core.StandardEngine.startInternal Starting Servlet Engine: Apache Tomcat/8.5.39
07-Nov-2022 16:45:04.141 信息 [localhost-startStop-1] org.apache.catalina.startup.HostConfig.deployDirectory Deploying web application directory [D:\hikrobot\hikcms\webapps\download]
07-Nov-2022 16:45:05.586 警告 [localhost-startStop-1] org.apache.catalina.util.SessionIdGeneratorBase.createSecureRandom Creation of SecureRandom instance for session ID generation using [SHA1PRNG] took [153] milliseconds.
07-Nov-2022 16:45:05.627 信息 [localhost-startStop-1] org.apache.catalina.startup.HostConfig.deployDirectory Deployment of web application directory [D:\hikrobot\hikcms\webapps\download] has finished in [1,486] ms
07-Nov-2022 16:45:05.628 信息 [localhost-startStop-1] org.apache.catalina.startup.HostConfig.deployDirectory Deploying web application directory [D:\hikrobot\hikcms\webapps\rcms]
07-Nov-2022 16:45:46.717 信息 [localhost-startStop-1] org.apache.jasper.servlet.TldScanner.scanJars At least one JAR was scanned for TLDs yet contained no TLDs. Enable debug logging for this logger for a complete list of JARs that were scanned but no TLDs were found in them. Skipping unneeded JARs during scanning can improve startup time and JSP compilation time.
