21-Feb-2022 10:03:41.239 信息 [main] org.apache.catalina.startup.VersionLoggerListener.log Server version:        Apache Tomcat/8.5.39
21-Feb-2022 10:03:41.244 信息 [main] org.apache.catalina.startup.VersionLoggerListener.log Server built:          Mar 14 2019 11:24:26 UTC
21-Feb-2022 10:03:41.244 信息 [main] org.apache.catalina.startup.VersionLoggerListener.log Server number:         8.5.39.0
21-Feb-2022 10:03:41.245 信息 [main] org.apache.catalina.startup.VersionLoggerListener.log OS Name:               Windows 10
21-Feb-2022 10:03:41.245 信息 [main] org.apache.catalina.startup.VersionLoggerListener.log OS Version:            10.0
21-Feb-2022 10:03:41.245 信息 [main] org.apache.catalina.startup.VersionLoggerListener.log Architecture:          amd64
21-Feb-2022 10:03:41.245 信息 [main] org.apache.catalina.startup.VersionLoggerListener.log Java Home:             C:\Program Files\RedHat\java-11-openjdk-11.0.6-2
21-Feb-2022 10:03:41.245 信息 [main] org.apache.catalina.startup.VersionLoggerListener.log JVM Version:           11.0.6+10-LTS
21-Feb-2022 10:03:41.245 信息 [main] org.apache.catalina.startup.VersionLoggerListener.log JVM Vendor:            Oracle Corporation
21-Feb-2022 10:03:41.246 信息 [main] org.apache.catalina.startup.VersionLoggerListener.log CATALINA_BASE:         D:\hikrobot\hikcms
21-Feb-2022 10:03:41.246 信息 [main] org.apache.catalina.startup.VersionLoggerListener.log CATALINA_HOME:         D:\hikrobot\hikcms
21-Feb-2022 10:03:41.246 信息 [main] org.apache.catalina.startup.VersionLoggerListener.log Command line argument: --add-opens=java.base/java.lang=ALL-UNNAMED
21-Feb-2022 10:03:41.246 信息 [main] org.apache.catalina.startup.VersionLoggerListener.log Command line argument: --add-opens=java.base/java.io=ALL-UNNAMED
21-Feb-2022 10:03:41.246 信息 [main] org.apache.catalina.startup.VersionLoggerListener.log Command line argument: --add-opens=java.rmi/sun.rmi.transport=ALL-UNNAMED
21-Feb-2022 10:03:41.247 信息 [main] org.apache.catalina.startup.VersionLoggerListener.log Command line argument: -Dcatalina.home=D:\hikrobot\hikcms
21-Feb-2022 10:03:41.247 信息 [main] org.apache.catalina.startup.VersionLoggerListener.log Command line argument: -Dcatalina.base=D:\hikrobot\hikcms
21-Feb-2022 10:03:41.247 信息 [main] org.apache.catalina.startup.VersionLoggerListener.log Command line argument: -Dignore.endorsed.dirs=D:\hikrobot\hikcms\endorsed
21-Feb-2022 10:03:41.247 信息 [main] org.apache.catalina.startup.VersionLoggerListener.log Command line argument: -Djava.io.tmpdir=D:\hikrobot\hikcms\temp
21-Feb-2022 10:03:41.247 信息 [main] org.apache.catalina.startup.VersionLoggerListener.log Command line argument: -Djava.util.logging.manager=org.apache.juli.ClassLoaderLogManager
21-Feb-2022 10:03:41.247 信息 [main] org.apache.catalina.startup.VersionLoggerListener.log Command line argument: -Djava.util.logging.config.file=D:\hikrobot\hikcms\conf\logging.properties
21-Feb-2022 10:03:41.247 信息 [main] org.apache.catalina.startup.VersionLoggerListener.log Command line argument: -Xms1024m
21-Feb-2022 10:03:41.247 信息 [main] org.apache.catalina.startup.VersionLoggerListener.log Command line argument: -Xmx4096m
21-Feb-2022 10:03:41.247 信息 [main] org.apache.catalina.startup.VersionLoggerListener.log Command line argument: -XX:ReservedCodeCacheSize=64m
21-Feb-2022 10:03:41.247 信息 [main] org.apache.catalina.startup.VersionLoggerListener.log Command line argument: -Duser.timezone=GMT+08
21-Feb-2022 10:03:41.247 信息 [main] org.apache.catalina.startup.VersionLoggerListener.log Command line argument: -verbose:gc
21-Feb-2022 10:03:41.248 信息 [main] org.apache.catalina.startup.VersionLoggerListener.log Command line argument: -Xms1024m
21-Feb-2022 10:03:41.248 信息 [main] org.apache.catalina.startup.VersionLoggerListener.log Command line argument: -Xmx4096m
21-Feb-2022 10:03:41.248 信息 [main] org.apache.catalina.core.AprLifecycleListener.lifecycleEvent The APR based Apache Tomcat Native library which allows optimal performance in production environments was not found on the java.library.path: [C:\Program Files\RedHat\java-11-openjdk-11.0.6-2\bin;C:\Windows\Sun\Java\bin;C:\Windows\system32;C:\Windows;C:\Program Files\Microsoft MPI\Bin\;C:\Windows\system32;C:\Windows;C:\Windows\System32\Wbem;C:\Windows\System32\WindowsPowerShell\v1.0\;C:\Windows\System32\OpenSSH\;C:\Program Files (x86)\Intel\Intel(R) Management Engine Components\DAL;C:\Program Files\Intel\Intel(R) Management Engine Components\DAL;C:\Program Files (x86)\Microsoft SQL Server\150\Tools\Binn\;C:\Program Files\Microsoft SQL Server\150\Tools\Binn\;C:\Program Files (x86)\Microsoft SQL Server\150\DTS\Binn\;C:\Program Files\Microsoft SQL Server\150\DTS\Binn\;C:\Program Files\Microsoft SQL Server\Client SDK\ODBC\170\Tools\Binn\;C:\Program Files\Azure Data Studio\bin;C:\Program Files\RedHat\java-11-openjdk-11.0.6-2\bin;C:\Windows\system32\config\systemprofile\AppData\Local\Microsoft\WindowsApps;.]
21-Feb-2022 10:03:41.295 信息 [main] org.apache.coyote.AbstractProtocol.init Initializing ProtocolHandler ["http-nio-8181"]
21-Feb-2022 10:03:41.402 信息 [main] org.apache.tomcat.util.net.NioSelectorPool.getSharedSelector Using a shared selector for servlet write/read
21-Feb-2022 10:03:41.411 信息 [main] org.apache.catalina.startup.Catalina.load Initialization processed in 584 ms
21-Feb-2022 10:03:41.468 信息 [main] org.apache.catalina.core.StandardService.startInternal Starting service [Catalina]
21-Feb-2022 10:03:41.468 信息 [main] org.apache.catalina.core.StandardEngine.startInternal Starting Servlet Engine: Apache Tomcat/8.5.39
21-Feb-2022 10:03:41.480 信息 [localhost-startStop-1] org.apache.catalina.startup.HostConfig.deployDirectory Deploying web application directory [D:\hikrobot\hikcms\webapps\download]
21-Feb-2022 10:03:41.862 信息 [localhost-startStop-1] org.apache.catalina.startup.HostConfig.deployDirectory Deployment of web application directory [D:\hikrobot\hikcms\webapps\download] has finished in [382] ms
21-Feb-2022 10:03:41.863 信息 [localhost-startStop-1] org.apache.catalina.startup.HostConfig.deployDirectory Deploying web application directory [D:\hikrobot\hikcms\webapps\rcms]
21-Feb-2022 10:03:55.334 信息 [localhost-startStop-1] org.apache.jasper.servlet.TldScanner.scanJars At least one JAR was scanned for TLDs yet contained no TLDs. Enable debug logging for this logger for a complete list of JARs that were scanned but no TLDs were found in them. Skipping unneeded JARs during scanning can improve startup time and JSP compilation time.
21-Feb-2022 10:04:47.287 信息 [localhost-startStop-1] org.apache.catalina.startup.HostConfig.deployDirectory Deployment of web application directory [D:\hikrobot\hikcms\webapps\rcms] has finished in [65,423] ms
21-Feb-2022 10:04:47.287 信息 [localhost-startStop-1] org.apache.catalina.startup.HostConfig.deployDirectory Deploying web application directory [D:\hikrobot\hikcms\webapps\ROOT]
21-Feb-2022 10:04:47.304 信息 [localhost-startStop-1] org.apache.catalina.startup.HostConfig.deployDirectory Deployment of web application directory [D:\hikrobot\hikcms\webapps\ROOT] has finished in [17] ms
21-Feb-2022 10:04:47.304 信息 [localhost-startStop-1] org.apache.catalina.startup.HostConfig.deployDirectory Deploying web application directory [D:\hikrobot\hikcms\webapps\update]
21-Feb-2022 10:04:47.316 信息 [localhost-startStop-1] org.apache.catalina.startup.HostConfig.deployDirectory Deployment of web application directory [D:\hikrobot\hikcms\webapps\update] has finished in [12] ms
21-Feb-2022 10:04:47.321 信息 [main] org.apache.coyote.AbstractProtocol.start Starting ProtocolHandler ["http-nio-8181"]
21-Feb-2022 10:04:47.329 信息 [main] org.apache.catalina.startup.Catalina.start Server startup in 65917 ms
21-Feb-2022 17:31:54.113 警告 [main] org.apache.catalina.startup.Bootstrap.main the tomcat will shutdown ...........
21-Feb-2022 17:31:54.173 警告 [main] org.apache.catalina.startup.Bootstrap.main the port :8181 tomcat will shutdown ...........
21-Feb-2022 17:31:54.515 警告 [main] org.apache.catalina.startup.KillServer.start the process   TCP    0.0.0.0:8181           0.0.0.0:0              LISTENING       5516 will be killed ......
21-Feb-2022 17:31:54.516 警告 [main] org.apache.catalina.startup.KillServer.start the process   TCP    [::]:8181              [::]:0                 LISTENING       5516 will be killed ......
21-Feb-2022 17:31:54.632 信息 [main] org.apache.catalina.startup.KillServer.killWithPid the process 5516 killed is 成功: 已终止 PID 为 5516 的进程。
