06-Aug-2022 09:55:28.772 严重 [localhost-startStop-1] org.apache.catalina.core.StandardContext.startInternal One or more listeners failed to start. Full details will be found in the appropriate container log file
06-Aug-2022 09:55:28.775 严重 [localhost-startStop-1] org.apache.catalina.core.StandardContext.startInternal Context [/rcms] startup failed due to previous errors
06-Aug-2022 14:14:46.801 信息 [main] org.apache.catalina.startup.VersionLoggerListener.log Server version:        Apache Tomcat/8.5.39
06-Aug-2022 14:14:46.807 信息 [main] org.apache.catalina.startup.VersionLoggerListener.log Server built:          Mar 14 2019 11:24:26 UTC
06-Aug-2022 14:14:46.807 信息 [main] org.apache.catalina.startup.VersionLoggerListener.log Server number:         8.5.39.0
06-Aug-2022 14:14:46.807 信息 [main] org.apache.catalina.startup.VersionLoggerListener.log OS Name:               Windows 10
06-Aug-2022 14:14:46.807 信息 [main] org.apache.catalina.startup.VersionLoggerListener.log OS Version:            10.0
06-Aug-2022 14:14:46.807 信息 [main] org.apache.catalina.startup.VersionLoggerListener.log Architecture:          amd64
06-Aug-2022 14:14:46.807 信息 [main] org.apache.catalina.startup.VersionLoggerListener.log Java Home:             C:\Program Files\RedHat\java-11-openjdk-11.0.6-2
06-Aug-2022 14:14:46.807 信息 [main] org.apache.catalina.startup.VersionLoggerListener.log JVM Version:           11.0.6+10-LTS
06-Aug-2022 14:14:46.807 信息 [main] org.apache.catalina.startup.VersionLoggerListener.log JVM Vendor:            Oracle Corporation
06-Aug-2022 14:14:46.807 信息 [main] org.apache.catalina.startup.VersionLoggerListener.log CATALINA_BASE:         D:\hikrobot\hikcms
06-Aug-2022 14:14:46.807 信息 [main] org.apache.catalina.startup.VersionLoggerListener.log CATALINA_HOME:         D:\hikrobot\hikcms
06-Aug-2022 14:14:46.809 信息 [main] org.apache.catalina.startup.VersionLoggerListener.log Command line argument: --add-opens=java.base/java.lang=ALL-UNNAMED
06-Aug-2022 14:14:46.809 信息 [main] org.apache.catalina.startup.VersionLoggerListener.log Command line argument: --add-opens=java.base/java.io=ALL-UNNAMED
06-Aug-2022 14:14:46.809 信息 [main] org.apache.catalina.startup.VersionLoggerListener.log Command line argument: --add-opens=java.rmi/sun.rmi.transport=ALL-UNNAMED
06-Aug-2022 14:14:46.809 信息 [main] org.apache.catalina.startup.VersionLoggerListener.log Command line argument: -Dcatalina.home=D:\hikrobot\hikcms
06-Aug-2022 14:14:46.809 信息 [main] org.apache.catalina.startup.VersionLoggerListener.log Command line argument: -Dcatalina.base=D:\hikrobot\hikcms
06-Aug-2022 14:14:46.810 信息 [main] org.apache.catalina.startup.VersionLoggerListener.log Command line argument: -Dignore.endorsed.dirs=D:\hikrobot\hikcms\endorsed
06-Aug-2022 14:14:46.810 信息 [main] org.apache.catalina.startup.VersionLoggerListener.log Command line argument: -Djava.io.tmpdir=D:\hikrobot\hikcms\temp
06-Aug-2022 14:14:46.810 信息 [main] org.apache.catalina.startup.VersionLoggerListener.log Command line argument: -Djava.util.logging.manager=org.apache.juli.ClassLoaderLogManager
06-Aug-2022 14:14:46.810 信息 [main] org.apache.catalina.startup.VersionLoggerListener.log Command line argument: -Djava.util.logging.config.file=D:\hikrobot\hikcms\conf\logging.properties
06-Aug-2022 14:14:46.810 信息 [main] org.apache.catalina.startup.VersionLoggerListener.log Command line argument: -Xms1024m
06-Aug-2022 14:14:46.810 信息 [main] org.apache.catalina.startup.VersionLoggerListener.log Command line argument: -Xmx4096m
06-Aug-2022 14:14:46.810 信息 [main] org.apache.catalina.startup.VersionLoggerListener.log Command line argument: -XX:ReservedCodeCacheSize=64m
06-Aug-2022 14:14:46.810 信息 [main] org.apache.catalina.startup.VersionLoggerListener.log Command line argument: -Duser.timezone=GMT+08
06-Aug-2022 14:14:46.810 信息 [main] org.apache.catalina.startup.VersionLoggerListener.log Command line argument: -verbose:gc
06-Aug-2022 14:14:46.810 信息 [main] org.apache.catalina.startup.VersionLoggerListener.log Command line argument: -Xms1024m
06-Aug-2022 14:14:46.810 信息 [main] org.apache.catalina.startup.VersionLoggerListener.log Command line argument: -Xmx4096m
06-Aug-2022 14:14:46.810 信息 [main] org.apache.catalina.core.AprLifecycleListener.lifecycleEvent The APR based Apache Tomcat Native library which allows optimal performance in production environments was not found on the java.library.path: [C:\Program Files\RedHat\java-11-openjdk-11.0.6-2\bin;C:\Windows\Sun\Java\bin;C:\Windows\system32;C:\Windows;C:\Program Files\Common Files\Siemens\Automation\Simatic OAM\bin;C:\Program Files\Microsoft MPI\Bin\;C:\Windows\system32;C:\Windows;C:\Windows\System32\Wbem;C:\Windows\System32\WindowsPowerShell\v1.0\;C:\Windows\System32\OpenSSH\;C:\Program Files (x86)\Intel\Intel(R) Management Engine Components\DAL;C:\Program Files\Intel\Intel(R) Management Engine Components\DAL;C:\Program Files (x86)\Microsoft SQL Server\150\Tools\Binn\;C:\Program Files\Microsoft SQL Server\150\Tools\Binn\;C:\Program Files (x86)\Microsoft SQL Server\150\DTS\Binn\;C:\Program Files\Microsoft SQL Server\150\DTS\Binn\;C:\Program Files\Microsoft SQL Server\Client SDK\ODBC\170\Tools\Binn\;C:\Program Files\Azure Data Studio\bin;C:\Program Files\RedHat\java-11-openjdk-11.0.6-2\bin;C:\Windows\system32\config\systemprofile\AppData\Local\Microsoft\WindowsApps;.]
06-Aug-2022 14:14:47.552 信息 [main] org.apache.coyote.AbstractProtocol.init Initializing ProtocolHandler ["http-nio-8181"]
06-Aug-2022 14:14:47.662 信息 [main] org.apache.tomcat.util.net.NioSelectorPool.getSharedSelector Using a shared selector for servlet write/read
06-Aug-2022 14:14:47.703 信息 [main] org.apache.catalina.startup.Catalina.load Initialization processed in 3738 ms
06-Aug-2022 14:14:47.978 信息 [main] org.apache.catalina.core.StandardService.startInternal Starting service [Catalina]
06-Aug-2022 14:14:47.979 信息 [main] org.apache.catalina.core.StandardEngine.startInternal Starting Servlet Engine: Apache Tomcat/8.5.39
06-Aug-2022 14:14:48.692 信息 [localhost-startStop-1] org.apache.catalina.startup.HostConfig.deployDirectory Deploying web application directory [D:\hikrobot\hikcms\webapps\download]
06-Aug-2022 14:14:51.219 信息 [localhost-startStop-1] org.apache.catalina.startup.HostConfig.deployDirectory Deployment of web application directory [D:\hikrobot\hikcms\webapps\download] has finished in [2,526] ms
06-Aug-2022 14:14:51.219 信息 [localhost-startStop-1] org.apache.catalina.startup.HostConfig.deployDirectory Deploying web application directory [D:\hikrobot\hikcms\webapps\rcms]
06-Aug-2022 14:15:18.823 信息 [localhost-startStop-1] org.apache.jasper.servlet.TldScanner.scanJars At least one JAR was scanned for TLDs yet contained no TLDs. Enable debug logging for this logger for a complete list of JARs that were scanned but no TLDs were found in them. Skipping unneeded JARs during scanning can improve startup time and JSP compilation time.
