05-Sep-2022 08:38:36.172 信息 [main] org.apache.catalina.startup.VersionLoggerListener.log Server version:        Apache Tomcat/8.5.39
05-Sep-2022 08:38:36.177 信息 [main] org.apache.catalina.startup.VersionLoggerListener.log Server built:          Mar 14 2019 11:24:26 UTC
05-Sep-2022 08:38:36.178 信息 [main] org.apache.catalina.startup.VersionLoggerListener.log Server number:         8.5.39.0
05-Sep-2022 08:38:36.178 信息 [main] org.apache.catalina.startup.VersionLoggerListener.log OS Name:               Windows 10
05-Sep-2022 08:38:36.178 信息 [main] org.apache.catalina.startup.VersionLoggerListener.log OS Version:            10.0
05-Sep-2022 08:38:36.178 信息 [main] org.apache.catalina.startup.VersionLoggerListener.log Architecture:          amd64
05-Sep-2022 08:38:36.178 信息 [main] org.apache.catalina.startup.VersionLoggerListener.log Java Home:             C:\Program Files\RedHat\java-11-openjdk-11.0.6-2
05-Sep-2022 08:38:36.178 信息 [main] org.apache.catalina.startup.VersionLoggerListener.log JVM Version:           11.0.6+10-LTS
05-Sep-2022 08:38:36.178 信息 [main] org.apache.catalina.startup.VersionLoggerListener.log JVM Vendor:            Oracle Corporation
05-Sep-2022 08:38:36.178 信息 [main] org.apache.catalina.startup.VersionLoggerListener.log CATALINA_BASE:         D:\hikrobot\hikcms
05-Sep-2022 08:38:36.178 信息 [main] org.apache.catalina.startup.VersionLoggerListener.log CATALINA_HOME:         D:\hikrobot\hikcms
05-Sep-2022 08:38:36.180 信息 [main] org.apache.catalina.startup.VersionLoggerListener.log Command line argument: --add-opens=java.base/java.lang=ALL-UNNAMED
05-Sep-2022 08:38:36.180 信息 [main] org.apache.catalina.startup.VersionLoggerListener.log Command line argument: --add-opens=java.base/java.io=ALL-UNNAMED
05-Sep-2022 08:38:36.180 信息 [main] org.apache.catalina.startup.VersionLoggerListener.log Command line argument: --add-opens=java.rmi/sun.rmi.transport=ALL-UNNAMED
05-Sep-2022 08:38:36.180 信息 [main] org.apache.catalina.startup.VersionLoggerListener.log Command line argument: -Dcatalina.home=D:\hikrobot\hikcms
05-Sep-2022 08:38:36.180 信息 [main] org.apache.catalina.startup.VersionLoggerListener.log Command line argument: -Dcatalina.base=D:\hikrobot\hikcms
05-Sep-2022 08:38:36.180 信息 [main] org.apache.catalina.startup.VersionLoggerListener.log Command line argument: -Dignore.endorsed.dirs=D:\hikrobot\hikcms\endorsed
05-Sep-2022 08:38:36.180 信息 [main] org.apache.catalina.startup.VersionLoggerListener.log Command line argument: -Djava.io.tmpdir=D:\hikrobot\hikcms\temp
05-Sep-2022 08:38:36.180 信息 [main] org.apache.catalina.startup.VersionLoggerListener.log Command line argument: -Djava.util.logging.manager=org.apache.juli.ClassLoaderLogManager
05-Sep-2022 08:38:36.181 信息 [main] org.apache.catalina.startup.VersionLoggerListener.log Command line argument: -Djava.util.logging.config.file=D:\hikrobot\hikcms\conf\logging.properties
05-Sep-2022 08:38:36.181 信息 [main] org.apache.catalina.startup.VersionLoggerListener.log Command line argument: -Xms1024m
05-Sep-2022 08:38:36.181 信息 [main] org.apache.catalina.startup.VersionLoggerListener.log Command line argument: -Xmx4096m
05-Sep-2022 08:38:36.181 信息 [main] org.apache.catalina.startup.VersionLoggerListener.log Command line argument: -XX:ReservedCodeCacheSize=64m
05-Sep-2022 08:38:36.181 信息 [main] org.apache.catalina.startup.VersionLoggerListener.log Command line argument: -Duser.timezone=GMT+08
05-Sep-2022 08:38:36.181 信息 [main] org.apache.catalina.startup.VersionLoggerListener.log Command line argument: -verbose:gc
05-Sep-2022 08:38:36.181 信息 [main] org.apache.catalina.startup.VersionLoggerListener.log Command line argument: -Xms1024m
05-Sep-2022 08:38:36.181 信息 [main] org.apache.catalina.startup.VersionLoggerListener.log Command line argument: -Xmx4096m
05-Sep-2022 08:38:36.181 信息 [main] org.apache.catalina.core.AprLifecycleListener.lifecycleEvent The APR based Apache Tomcat Native library which allows optimal performance in production environments was not found on the java.library.path: [C:\Program Files\RedHat\java-11-openjdk-11.0.6-2\bin;C:\Windows\Sun\Java\bin;C:\Windows\system32;C:\Windows;C:\Program Files\Common Files\Siemens\Automation\Simatic OAM\bin;C:\Program Files\Microsoft MPI\Bin\;C:\Windows\system32;C:\Windows;C:\Windows\System32\Wbem;C:\Windows\System32\WindowsPowerShell\v1.0\;C:\Windows\System32\OpenSSH\;C:\Program Files (x86)\Intel\Intel(R) Management Engine Components\DAL;C:\Program Files\Intel\Intel(R) Management Engine Components\DAL;C:\Program Files (x86)\Microsoft SQL Server\150\Tools\Binn\;C:\Program Files\Microsoft SQL Server\150\Tools\Binn\;C:\Program Files (x86)\Microsoft SQL Server\150\DTS\Binn\;C:\Program Files\Microsoft SQL Server\150\DTS\Binn\;C:\Program Files\Microsoft SQL Server\Client SDK\ODBC\170\Tools\Binn\;C:\Program Files\Azure Data Studio\bin;C:\Program Files\RedHat\java-11-openjdk-11.0.6-2\bin;C:\Windows\system32\config\systemprofile\AppData\Local\Microsoft\WindowsApps;.]
05-Sep-2022 08:38:36.834 信息 [main] org.apache.coyote.AbstractProtocol.init Initializing ProtocolHandler ["http-nio-8181"]
05-Sep-2022 08:38:37.018 信息 [main] org.apache.tomcat.util.net.NioSelectorPool.getSharedSelector Using a shared selector for servlet write/read
05-Sep-2022 08:38:37.168 信息 [main] org.apache.catalina.startup.Catalina.load Initialization processed in 2437 ms
05-Sep-2022 08:38:37.270 信息 [main] org.apache.catalina.core.StandardService.startInternal Starting service [Catalina]
05-Sep-2022 08:38:37.270 信息 [main] org.apache.catalina.core.StandardEngine.startInternal Starting Servlet Engine: Apache Tomcat/8.5.39
05-Sep-2022 08:38:37.626 信息 [localhost-startStop-1] org.apache.catalina.startup.HostConfig.deployDirectory Deploying web application directory [D:\hikrobot\hikcms\webapps\download]
05-Sep-2022 08:38:40.447 信息 [localhost-startStop-1] org.apache.catalina.startup.HostConfig.deployDirectory Deployment of web application directory [D:\hikrobot\hikcms\webapps\download] has finished in [2,819] ms
05-Sep-2022 08:38:40.447 信息 [localhost-startStop-1] org.apache.catalina.startup.HostConfig.deployDirectory Deploying web application directory [D:\hikrobot\hikcms\webapps\rcms]
05-Sep-2022 08:39:15.225 信息 [localhost-startStop-1] org.apache.jasper.servlet.TldScanner.scanJars At least one JAR was scanned for TLDs yet contained no TLDs. Enable debug logging for this logger for a complete list of JARs that were scanned but no TLDs were found in them. Skipping unneeded JARs during scanning can improve startup time and JSP compilation time.
05-Sep-2022 09:52:35.359 警告 [main] org.apache.catalina.startup.Bootstrap.main the tomcat will shutdown ...........
05-Sep-2022 09:52:35.413 警告 [main] org.apache.catalina.startup.Bootstrap.main the port :8181 tomcat will shutdown ...........
05-Sep-2022 09:53:36.298 信息 [main] org.apache.catalina.startup.VersionLoggerListener.log Server version:        Apache Tomcat/8.5.39
05-Sep-2022 09:53:36.303 信息 [main] org.apache.catalina.startup.VersionLoggerListener.log Server built:          Mar 14 2019 11:24:26 UTC
05-Sep-2022 09:53:36.303 信息 [main] org.apache.catalina.startup.VersionLoggerListener.log Server number:         8.5.39.0
05-Sep-2022 09:53:36.303 信息 [main] org.apache.catalina.startup.VersionLoggerListener.log OS Name:               Windows 10
05-Sep-2022 09:53:36.303 信息 [main] org.apache.catalina.startup.VersionLoggerListener.log OS Version:            10.0
05-Sep-2022 09:53:36.303 信息 [main] org.apache.catalina.startup.VersionLoggerListener.log Architecture:          amd64
05-Sep-2022 09:53:36.303 信息 [main] org.apache.catalina.startup.VersionLoggerListener.log Java Home:             C:\Program Files\RedHat\java-11-openjdk-11.0.6-2
05-Sep-2022 09:53:36.303 信息 [main] org.apache.catalina.startup.VersionLoggerListener.log JVM Version:           11.0.6+10-LTS
05-Sep-2022 09:53:36.303 信息 [main] org.apache.catalina.startup.VersionLoggerListener.log JVM Vendor:            Oracle Corporation
05-Sep-2022 09:53:36.304 信息 [main] org.apache.catalina.startup.VersionLoggerListener.log CATALINA_BASE:         D:\hikrobot\hikcms
05-Sep-2022 09:53:36.304 信息 [main] org.apache.catalina.startup.VersionLoggerListener.log CATALINA_HOME:         D:\hikrobot\hikcms
05-Sep-2022 09:53:36.306 信息 [main] org.apache.catalina.startup.VersionLoggerListener.log Command line argument: --add-opens=java.base/java.lang=ALL-UNNAMED
05-Sep-2022 09:53:36.306 信息 [main] org.apache.catalina.startup.VersionLoggerListener.log Command line argument: --add-opens=java.base/java.io=ALL-UNNAMED
05-Sep-2022 09:53:36.306 信息 [main] org.apache.catalina.startup.VersionLoggerListener.log Command line argument: --add-opens=java.rmi/sun.rmi.transport=ALL-UNNAMED
05-Sep-2022 09:53:36.306 信息 [main] org.apache.catalina.startup.VersionLoggerListener.log Command line argument: -Dcatalina.home=D:\hikrobot\hikcms
05-Sep-2022 09:53:36.306 信息 [main] org.apache.catalina.startup.VersionLoggerListener.log Command line argument: -Dcatalina.base=D:\hikrobot\hikcms
05-Sep-2022 09:53:36.306 信息 [main] org.apache.catalina.startup.VersionLoggerListener.log Command line argument: -Dignore.endorsed.dirs=D:\hikrobot\hikcms\endorsed
05-Sep-2022 09:53:36.306 信息 [main] org.apache.catalina.startup.VersionLoggerListener.log Command line argument: -Djava.io.tmpdir=D:\hikrobot\hikcms\temp
05-Sep-2022 09:53:36.306 信息 [main] org.apache.catalina.startup.VersionLoggerListener.log Command line argument: -Djava.util.logging.manager=org.apache.juli.ClassLoaderLogManager
05-Sep-2022 09:53:36.307 信息 [main] org.apache.catalina.startup.VersionLoggerListener.log Command line argument: -Djava.util.logging.config.file=D:\hikrobot\hikcms\conf\logging.properties
05-Sep-2022 09:53:36.307 信息 [main] org.apache.catalina.startup.VersionLoggerListener.log Command line argument: -Xms1024m
05-Sep-2022 09:53:36.307 信息 [main] org.apache.catalina.startup.VersionLoggerListener.log Command line argument: -Xmx4096m
05-Sep-2022 09:53:36.307 信息 [main] org.apache.catalina.startup.VersionLoggerListener.log Command line argument: -XX:ReservedCodeCacheSize=64m
05-Sep-2022 09:53:36.307 信息 [main] org.apache.catalina.startup.VersionLoggerListener.log Command line argument: -Duser.timezone=GMT+08
05-Sep-2022 09:53:36.307 信息 [main] org.apache.catalina.startup.VersionLoggerListener.log Command line argument: -verbose:gc
05-Sep-2022 09:53:36.307 信息 [main] org.apache.catalina.startup.VersionLoggerListener.log Command line argument: -Xms1024m
05-Sep-2022 09:53:36.307 信息 [main] org.apache.catalina.startup.VersionLoggerListener.log Command line argument: -Xmx4096m
05-Sep-2022 09:53:36.307 信息 [main] org.apache.catalina.core.AprLifecycleListener.lifecycleEvent The APR based Apache Tomcat Native library which allows optimal performance in production environments was not found on the java.library.path: [C:\Program Files\RedHat\java-11-openjdk-11.0.6-2\bin;C:\Windows\Sun\Java\bin;C:\Windows\system32;C:\Windows;C:\Program Files\Common Files\Siemens\Automation\Simatic OAM\bin;C:\Program Files\Microsoft MPI\Bin\;C:\Windows\system32;C:\Windows;C:\Windows\System32\Wbem;C:\Windows\System32\WindowsPowerShell\v1.0\;C:\Windows\System32\OpenSSH\;C:\Program Files (x86)\Intel\Intel(R) Management Engine Components\DAL;C:\Program Files\Intel\Intel(R) Management Engine Components\DAL;C:\Program Files (x86)\Microsoft SQL Server\150\Tools\Binn\;C:\Program Files\Microsoft SQL Server\150\Tools\Binn\;C:\Program Files (x86)\Microsoft SQL Server\150\DTS\Binn\;C:\Program Files\Microsoft SQL Server\150\DTS\Binn\;C:\Program Files\Microsoft SQL Server\Client SDK\ODBC\170\Tools\Binn\;C:\Program Files\Azure Data Studio\bin;C:\Program Files\RedHat\java-11-openjdk-11.0.6-2\bin;C:\Windows\system32\config\systemprofile\AppData\Local\Microsoft\WindowsApps;.]
05-Sep-2022 09:53:37.069 信息 [main] org.apache.coyote.AbstractProtocol.init Initializing ProtocolHandler ["http-nio-8181"]
05-Sep-2022 09:53:37.290 信息 [main] org.apache.tomcat.util.net.NioSelectorPool.getSharedSelector Using a shared selector for servlet write/read
05-Sep-2022 09:53:37.399 信息 [main] org.apache.catalina.startup.Catalina.load Initialization processed in 2633 ms
05-Sep-2022 09:53:37.796 信息 [main] org.apache.catalina.core.StandardService.startInternal Starting service [Catalina]
05-Sep-2022 09:53:37.796 信息 [main] org.apache.catalina.core.StandardEngine.startInternal Starting Servlet Engine: Apache Tomcat/8.5.39
05-Sep-2022 09:53:38.059 信息 [localhost-startStop-1] org.apache.catalina.startup.HostConfig.deployDirectory Deploying web application directory [D:\hikrobot\hikcms\webapps\download]
05-Sep-2022 09:53:40.306 警告 [localhost-startStop-1] org.apache.catalina.util.SessionIdGeneratorBase.createSecureRandom Creation of SecureRandom instance for session ID generation using [SHA1PRNG] took [104] milliseconds.
05-Sep-2022 09:53:40.613 信息 [localhost-startStop-1] org.apache.catalina.startup.HostConfig.deployDirectory Deployment of web application directory [D:\hikrobot\hikcms\webapps\download] has finished in [2,553] ms
05-Sep-2022 09:53:40.613 信息 [localhost-startStop-1] org.apache.catalina.startup.HostConfig.deployDirectory Deploying web application directory [D:\hikrobot\hikcms\webapps\rcms]
05-Sep-2022 09:54:09.268 信息 [localhost-startStop-1] org.apache.jasper.servlet.TldScanner.scanJars At least one JAR was scanned for TLDs yet contained no TLDs. Enable debug logging for this logger for a complete list of JARs that were scanned but no TLDs were found in them. Skipping unneeded JARs during scanning can improve startup time and JSP compilation time.
05-Sep-2022 10:29:00.252 警告 [main] org.apache.catalina.startup.Bootstrap.main the tomcat will shutdown ...........
05-Sep-2022 10:29:00.301 警告 [main] org.apache.catalina.startup.Bootstrap.main the port :8181 tomcat will shutdown ...........
05-Sep-2022 10:29:00.351 警告 [main] org.apache.catalina.startup.KillServer.start the process   TCP    0.0.0.0:8181           0.0.0.0:0              LISTENING       792 will be killed ......
05-Sep-2022 10:29:00.351 警告 [main] org.apache.catalina.startup.KillServer.start the process   TCP    [::]:8181              [::]:0                 LISTENING       792 will be killed ......
05-Sep-2022 10:29:00.388 信息 [main] org.apache.catalina.startup.KillServer.killWithPid the process 792 killed is 
05-Sep-2022 10:30:02.020 信息 [main] org.apache.catalina.startup.VersionLoggerListener.log Server version:        Apache Tomcat/8.5.39
05-Sep-2022 10:30:02.025 信息 [main] org.apache.catalina.startup.VersionLoggerListener.log Server built:          Mar 14 2019 11:24:26 UTC
05-Sep-2022 10:30:02.025 信息 [main] org.apache.catalina.startup.VersionLoggerListener.log Server number:         8.5.39.0
05-Sep-2022 10:30:02.026 信息 [main] org.apache.catalina.startup.VersionLoggerListener.log OS Name:               Windows 10
05-Sep-2022 10:30:02.026 信息 [main] org.apache.catalina.startup.VersionLoggerListener.log OS Version:            10.0
05-Sep-2022 10:30:02.026 信息 [main] org.apache.catalina.startup.VersionLoggerListener.log Architecture:          amd64
05-Sep-2022 10:30:02.026 信息 [main] org.apache.catalina.startup.VersionLoggerListener.log Java Home:             C:\Program Files\RedHat\java-11-openjdk-11.0.6-2
05-Sep-2022 10:30:02.026 信息 [main] org.apache.catalina.startup.VersionLoggerListener.log JVM Version:           11.0.6+10-LTS
05-Sep-2022 10:30:02.026 信息 [main] org.apache.catalina.startup.VersionLoggerListener.log JVM Vendor:            Oracle Corporation
05-Sep-2022 10:30:02.026 信息 [main] org.apache.catalina.startup.VersionLoggerListener.log CATALINA_BASE:         D:\hikrobot\hikcms
05-Sep-2022 10:30:02.026 信息 [main] org.apache.catalina.startup.VersionLoggerListener.log CATALINA_HOME:         D:\hikrobot\hikcms
05-Sep-2022 10:30:02.028 信息 [main] org.apache.catalina.startup.VersionLoggerListener.log Command line argument: --add-opens=java.base/java.lang=ALL-UNNAMED
05-Sep-2022 10:30:02.028 信息 [main] org.apache.catalina.startup.VersionLoggerListener.log Command line argument: --add-opens=java.base/java.io=ALL-UNNAMED
05-Sep-2022 10:30:02.028 信息 [main] org.apache.catalina.startup.VersionLoggerListener.log Command line argument: --add-opens=java.rmi/sun.rmi.transport=ALL-UNNAMED
05-Sep-2022 10:30:02.029 信息 [main] org.apache.catalina.startup.VersionLoggerListener.log Command line argument: -Dcatalina.home=D:\hikrobot\hikcms
05-Sep-2022 10:30:02.029 信息 [main] org.apache.catalina.startup.VersionLoggerListener.log Command line argument: -Dcatalina.base=D:\hikrobot\hikcms
05-Sep-2022 10:30:02.029 信息 [main] org.apache.catalina.startup.VersionLoggerListener.log Command line argument: -Dignore.endorsed.dirs=D:\hikrobot\hikcms\endorsed
05-Sep-2022 10:30:02.029 信息 [main] org.apache.catalina.startup.VersionLoggerListener.log Command line argument: -Djava.io.tmpdir=D:\hikrobot\hikcms\temp
05-Sep-2022 10:30:02.029 信息 [main] org.apache.catalina.startup.VersionLoggerListener.log Command line argument: -Djava.util.logging.manager=org.apache.juli.ClassLoaderLogManager
05-Sep-2022 10:30:02.029 信息 [main] org.apache.catalina.startup.VersionLoggerListener.log Command line argument: -Djava.util.logging.config.file=D:\hikrobot\hikcms\conf\logging.properties
05-Sep-2022 10:30:02.029 信息 [main] org.apache.catalina.startup.VersionLoggerListener.log Command line argument: -Xms1024m
05-Sep-2022 10:30:02.029 信息 [main] org.apache.catalina.startup.VersionLoggerListener.log Command line argument: -Xmx4096m
05-Sep-2022 10:30:02.029 信息 [main] org.apache.catalina.startup.VersionLoggerListener.log Command line argument: -XX:ReservedCodeCacheSize=64m
05-Sep-2022 10:30:02.029 信息 [main] org.apache.catalina.startup.VersionLoggerListener.log Command line argument: -Duser.timezone=GMT+08
05-Sep-2022 10:30:02.030 信息 [main] org.apache.catalina.startup.VersionLoggerListener.log Command line argument: -verbose:gc
05-Sep-2022 10:30:02.030 信息 [main] org.apache.catalina.startup.VersionLoggerListener.log Command line argument: -Xms1024m
05-Sep-2022 10:30:02.030 信息 [main] org.apache.catalina.startup.VersionLoggerListener.log Command line argument: -Xmx4096m
05-Sep-2022 10:30:02.030 信息 [main] org.apache.catalina.core.AprLifecycleListener.lifecycleEvent The APR based Apache Tomcat Native library which allows optimal performance in production environments was not found on the java.library.path: [C:\Program Files\RedHat\java-11-openjdk-11.0.6-2\bin;C:\Windows\Sun\Java\bin;C:\Windows\system32;C:\Windows;C:\Program Files\Common Files\Siemens\Automation\Simatic OAM\bin;C:\Program Files\Microsoft MPI\Bin\;C:\Windows\system32;C:\Windows;C:\Windows\System32\Wbem;C:\Windows\System32\WindowsPowerShell\v1.0\;C:\Windows\System32\OpenSSH\;C:\Program Files (x86)\Intel\Intel(R) Management Engine Components\DAL;C:\Program Files\Intel\Intel(R) Management Engine Components\DAL;C:\Program Files (x86)\Microsoft SQL Server\150\Tools\Binn\;C:\Program Files\Microsoft SQL Server\150\Tools\Binn\;C:\Program Files (x86)\Microsoft SQL Server\150\DTS\Binn\;C:\Program Files\Microsoft SQL Server\150\DTS\Binn\;C:\Program Files\Microsoft SQL Server\Client SDK\ODBC\170\Tools\Binn\;C:\Program Files\Azure Data Studio\bin;C:\Program Files\RedHat\java-11-openjdk-11.0.6-2\bin;C:\Windows\system32\config\systemprofile\AppData\Local\Microsoft\WindowsApps;.]
05-Sep-2022 10:30:03.087 信息 [main] org.apache.coyote.AbstractProtocol.init Initializing ProtocolHandler ["http-nio-8181"]
05-Sep-2022 10:30:03.206 信息 [main] org.apache.tomcat.util.net.NioSelectorPool.getSharedSelector Using a shared selector for servlet write/read
05-Sep-2022 10:30:03.304 信息 [main] org.apache.catalina.startup.Catalina.load Initialization processed in 2987 ms
05-Sep-2022 10:30:03.464 信息 [main] org.apache.catalina.core.StandardService.startInternal Starting service [Catalina]
05-Sep-2022 10:30:03.465 信息 [main] org.apache.catalina.core.StandardEngine.startInternal Starting Servlet Engine: Apache Tomcat/8.5.39
05-Sep-2022 10:30:03.728 信息 [localhost-startStop-1] org.apache.catalina.startup.HostConfig.deployDirectory Deploying web application directory [D:\hikrobot\hikcms\webapps\download]
05-Sep-2022 10:30:05.581 信息 [localhost-startStop-1] org.apache.catalina.startup.HostConfig.deployDirectory Deployment of web application directory [D:\hikrobot\hikcms\webapps\download] has finished in [1,852] ms
05-Sep-2022 10:30:05.582 信息 [localhost-startStop-1] org.apache.catalina.startup.HostConfig.deployDirectory Deploying web application directory [D:\hikrobot\hikcms\webapps\rcms]
05-Sep-2022 10:30:34.443 信息 [localhost-startStop-1] org.apache.jasper.servlet.TldScanner.scanJars At least one JAR was scanned for TLDs yet contained no TLDs. Enable debug logging for this logger for a complete list of JARs that were scanned but no TLDs were found in them. Skipping unneeded JARs during scanning can improve startup time and JSP compilation time.
05-Sep-2022 19:46:48.423 严重 [localhost-startStop-1] org.apache.catalina.core.StandardContext.startInternal One or more listeners failed to start. Full details will be found in the appropriate container log file
05-Sep-2022 19:46:48.426 严重 [localhost-startStop-1] org.apache.catalina.core.StandardContext.startInternal Context [/rcms] startup failed due to previous errors
