05-Jul-2022 09:38:59.568 信息 [main] org.apache.catalina.startup.VersionLoggerListener.log Server version:        Apache Tomcat/8.5.39
05-Jul-2022 09:38:59.573 信息 [main] org.apache.catalina.startup.VersionLoggerListener.log Server built:          Mar 14 2019 11:24:26 UTC
05-Jul-2022 09:38:59.574 信息 [main] org.apache.catalina.startup.VersionLoggerListener.log Server number:         8.5.39.0
05-Jul-2022 09:38:59.574 信息 [main] org.apache.catalina.startup.VersionLoggerListener.log OS Name:               Windows 10
05-Jul-2022 09:38:59.574 信息 [main] org.apache.catalina.startup.VersionLoggerListener.log OS Version:            10.0
05-Jul-2022 09:38:59.574 信息 [main] org.apache.catalina.startup.VersionLoggerListener.log Architecture:          amd64
05-Jul-2022 09:38:59.574 信息 [main] org.apache.catalina.startup.VersionLoggerListener.log Java Home:             C:\Program Files\RedHat\java-11-openjdk-11.0.6-2
05-Jul-2022 09:38:59.574 信息 [main] org.apache.catalina.startup.VersionLoggerListener.log JVM Version:           11.0.6+10-LTS
05-Jul-2022 09:38:59.574 信息 [main] org.apache.catalina.startup.VersionLoggerListener.log JVM Vendor:            Oracle Corporation
05-Jul-2022 09:38:59.574 信息 [main] org.apache.catalina.startup.VersionLoggerListener.log CATALINA_BASE:         D:\hikrobot\hikcms
05-Jul-2022 09:38:59.574 信息 [main] org.apache.catalina.startup.VersionLoggerListener.log CATALINA_HOME:         D:\hikrobot\hikcms
05-Jul-2022 09:38:59.576 信息 [main] org.apache.catalina.startup.VersionLoggerListener.log Command line argument: --add-opens=java.base/java.lang=ALL-UNNAMED
05-Jul-2022 09:38:59.576 信息 [main] org.apache.catalina.startup.VersionLoggerListener.log Command line argument: --add-opens=java.base/java.io=ALL-UNNAMED
05-Jul-2022 09:38:59.576 信息 [main] org.apache.catalina.startup.VersionLoggerListener.log Command line argument: --add-opens=java.rmi/sun.rmi.transport=ALL-UNNAMED
05-Jul-2022 09:38:59.576 信息 [main] org.apache.catalina.startup.VersionLoggerListener.log Command line argument: -Dcatalina.home=D:\hikrobot\hikcms
05-Jul-2022 09:38:59.576 信息 [main] org.apache.catalina.startup.VersionLoggerListener.log Command line argument: -Dcatalina.base=D:\hikrobot\hikcms
05-Jul-2022 09:38:59.576 信息 [main] org.apache.catalina.startup.VersionLoggerListener.log Command line argument: -Dignore.endorsed.dirs=D:\hikrobot\hikcms\endorsed
05-Jul-2022 09:38:59.576 信息 [main] org.apache.catalina.startup.VersionLoggerListener.log Command line argument: -Djava.io.tmpdir=D:\hikrobot\hikcms\temp
05-Jul-2022 09:38:59.577 信息 [main] org.apache.catalina.startup.VersionLoggerListener.log Command line argument: -Djava.util.logging.manager=org.apache.juli.ClassLoaderLogManager
05-Jul-2022 09:38:59.577 信息 [main] org.apache.catalina.startup.VersionLoggerListener.log Command line argument: -Djava.util.logging.config.file=D:\hikrobot\hikcms\conf\logging.properties
05-Jul-2022 09:38:59.577 信息 [main] org.apache.catalina.startup.VersionLoggerListener.log Command line argument: -Xms1024m
05-Jul-2022 09:38:59.577 信息 [main] org.apache.catalina.startup.VersionLoggerListener.log Command line argument: -Xmx4096m
05-Jul-2022 09:38:59.577 信息 [main] org.apache.catalina.startup.VersionLoggerListener.log Command line argument: -XX:ReservedCodeCacheSize=64m
05-Jul-2022 09:38:59.577 信息 [main] org.apache.catalina.startup.VersionLoggerListener.log Command line argument: -Duser.timezone=GMT+08
05-Jul-2022 09:38:59.577 信息 [main] org.apache.catalina.startup.VersionLoggerListener.log Command line argument: -verbose:gc
05-Jul-2022 09:38:59.577 信息 [main] org.apache.catalina.startup.VersionLoggerListener.log Command line argument: -Xms1024m
05-Jul-2022 09:38:59.577 信息 [main] org.apache.catalina.startup.VersionLoggerListener.log Command line argument: -Xmx4096m
05-Jul-2022 09:38:59.577 信息 [main] org.apache.catalina.core.AprLifecycleListener.lifecycleEvent The APR based Apache Tomcat Native library which allows optimal performance in production environments was not found on the java.library.path: [C:\Program Files\RedHat\java-11-openjdk-11.0.6-2\bin;C:\Windows\Sun\Java\bin;C:\Windows\system32;C:\Windows;C:\Program Files\Microsoft MPI\Bin\;C:\Windows\system32;C:\Windows;C:\Windows\System32\Wbem;C:\Windows\System32\WindowsPowerShell\v1.0\;C:\Windows\System32\OpenSSH\;C:\Program Files (x86)\Intel\Intel(R) Management Engine Components\DAL;C:\Program Files\Intel\Intel(R) Management Engine Components\DAL;C:\Program Files (x86)\Microsoft SQL Server\150\Tools\Binn\;C:\Program Files\Microsoft SQL Server\150\Tools\Binn\;C:\Program Files (x86)\Microsoft SQL Server\150\DTS\Binn\;C:\Program Files\Microsoft SQL Server\150\DTS\Binn\;C:\Program Files\Microsoft SQL Server\Client SDK\ODBC\170\Tools\Binn\;C:\Program Files\Azure Data Studio\bin;C:\Program Files\RedHat\java-11-openjdk-11.0.6-2\bin;C:\Windows\system32\config\systemprofile\AppData\Local\Microsoft\WindowsApps;.]
05-Jul-2022 09:39:00.266 信息 [main] org.apache.coyote.AbstractProtocol.init Initializing ProtocolHandler ["http-nio-8181"]
05-Jul-2022 09:39:00.468 信息 [main] org.apache.tomcat.util.net.NioSelectorPool.getSharedSelector Using a shared selector for servlet write/read
05-Jul-2022 09:39:00.538 信息 [main] org.apache.catalina.startup.Catalina.load Initialization processed in 2284 ms
05-Jul-2022 09:39:00.893 信息 [main] org.apache.catalina.core.StandardService.startInternal Starting service [Catalina]
05-Jul-2022 09:39:00.893 信息 [main] org.apache.catalina.core.StandardEngine.startInternal Starting Servlet Engine: Apache Tomcat/8.5.39
05-Jul-2022 09:39:01.081 信息 [localhost-startStop-1] org.apache.catalina.startup.HostConfig.deployDirectory Deploying web application directory [D:\hikrobot\hikcms\webapps\download]
05-Jul-2022 09:39:02.886 信息 [localhost-startStop-1] org.apache.catalina.startup.HostConfig.deployDirectory Deployment of web application directory [D:\hikrobot\hikcms\webapps\download] has finished in [1,804] ms
05-Jul-2022 09:39:02.886 信息 [localhost-startStop-1] org.apache.catalina.startup.HostConfig.deployDirectory Deploying web application directory [D:\hikrobot\hikcms\webapps\rcms]
05-Jul-2022 09:39:30.578 信息 [localhost-startStop-1] org.apache.jasper.servlet.TldScanner.scanJars At least one JAR was scanned for TLDs yet contained no TLDs. Enable debug logging for this logger for a complete list of JARs that were scanned but no TLDs were found in them. Skipping unneeded JARs during scanning can improve startup time and JSP compilation time.
05-Jul-2022 18:59:04.353 严重 [localhost-startStop-1] org.apache.catalina.core.StandardContext.startInternal One or more listeners failed to start. Full details will be found in the appropriate container log file
05-Jul-2022 18:59:04.357 严重 [localhost-startStop-1] org.apache.catalina.core.StandardContext.startInternal Context [/rcms] startup failed due to previous errors
