18-Feb-2022 16:12:22.366 信息 [main] org.apache.catalina.startup.VersionLoggerListener.log Server version:        Apache Tomcat/8.5.39
18-Feb-2022 16:12:22.370 信息 [main] org.apache.catalina.startup.VersionLoggerListener.log Server built:          Mar 14 2019 11:24:26 UTC
18-Feb-2022 16:12:22.370 信息 [main] org.apache.catalina.startup.VersionLoggerListener.log Server number:         8.5.39.0
18-Feb-2022 16:12:22.370 信息 [main] org.apache.catalina.startup.VersionLoggerListener.log OS Name:               Windows 10
18-Feb-2022 16:12:22.371 信息 [main] org.apache.catalina.startup.VersionLoggerListener.log OS Version:            10.0
18-Feb-2022 16:12:22.371 信息 [main] org.apache.catalina.startup.VersionLoggerListener.log Architecture:          amd64
18-Feb-2022 16:12:22.371 信息 [main] org.apache.catalina.startup.VersionLoggerListener.log Java Home:             C:\Program Files\RedHat\java-11-openjdk-11.0.6-2
18-Feb-2022 16:12:22.371 信息 [main] org.apache.catalina.startup.VersionLoggerListener.log JVM Version:           11.0.6+10-LTS
18-Feb-2022 16:12:22.371 信息 [main] org.apache.catalina.startup.VersionLoggerListener.log JVM Vendor:            Oracle Corporation
18-Feb-2022 16:12:22.371 信息 [main] org.apache.catalina.startup.VersionLoggerListener.log CATALINA_BASE:         D:\hikrobot\hikcms
18-Feb-2022 16:12:22.371 信息 [main] org.apache.catalina.startup.VersionLoggerListener.log CATALINA_HOME:         D:\hikrobot\hikcms
18-Feb-2022 16:12:22.372 信息 [main] org.apache.catalina.startup.VersionLoggerListener.log Command line argument: --add-opens=java.base/java.lang=ALL-UNNAMED
18-Feb-2022 16:12:22.372 信息 [main] org.apache.catalina.startup.VersionLoggerListener.log Command line argument: --add-opens=java.base/java.io=ALL-UNNAMED
18-Feb-2022 16:12:22.372 信息 [main] org.apache.catalina.startup.VersionLoggerListener.log Command line argument: --add-opens=java.rmi/sun.rmi.transport=ALL-UNNAMED
18-Feb-2022 16:12:22.372 信息 [main] org.apache.catalina.startup.VersionLoggerListener.log Command line argument: -Dcatalina.home=D:\hikrobot\hikcms
18-Feb-2022 16:12:22.372 信息 [main] org.apache.catalina.startup.VersionLoggerListener.log Command line argument: -Dcatalina.base=D:\hikrobot\hikcms
18-Feb-2022 16:12:22.372 信息 [main] org.apache.catalina.startup.VersionLoggerListener.log Command line argument: -Dignore.endorsed.dirs=D:\hikrobot\hikcms\endorsed
18-Feb-2022 16:12:22.372 信息 [main] org.apache.catalina.startup.VersionLoggerListener.log Command line argument: -Djava.io.tmpdir=D:\hikrobot\hikcms\temp
18-Feb-2022 16:12:22.373 信息 [main] org.apache.catalina.startup.VersionLoggerListener.log Command line argument: -Djava.util.logging.manager=org.apache.juli.ClassLoaderLogManager
18-Feb-2022 16:12:22.373 信息 [main] org.apache.catalina.startup.VersionLoggerListener.log Command line argument: -Djava.util.logging.config.file=D:\hikrobot\hikcms\conf\logging.properties
18-Feb-2022 16:12:22.373 信息 [main] org.apache.catalina.startup.VersionLoggerListener.log Command line argument: -Xms1024m
18-Feb-2022 16:12:22.373 信息 [main] org.apache.catalina.startup.VersionLoggerListener.log Command line argument: -Xmx4096m
18-Feb-2022 16:12:22.373 信息 [main] org.apache.catalina.startup.VersionLoggerListener.log Command line argument: -XX:ReservedCodeCacheSize=64m
18-Feb-2022 16:12:22.373 信息 [main] org.apache.catalina.startup.VersionLoggerListener.log Command line argument: -Duser.timezone=GMT+08
18-Feb-2022 16:12:22.373 信息 [main] org.apache.catalina.startup.VersionLoggerListener.log Command line argument: -verbose:gc
18-Feb-2022 16:12:22.373 信息 [main] org.apache.catalina.startup.VersionLoggerListener.log Command line argument: -Xms1024m
18-Feb-2022 16:12:22.373 信息 [main] org.apache.catalina.startup.VersionLoggerListener.log Command line argument: -Xmx4096m
18-Feb-2022 16:12:22.373 信息 [main] org.apache.catalina.core.AprLifecycleListener.lifecycleEvent The APR based Apache Tomcat Native library which allows optimal performance in production environments was not found on the java.library.path: [C:\Program Files\RedHat\java-11-openjdk-11.0.6-2\bin;C:\Windows\Sun\Java\bin;C:\Windows\system32;C:\Windows;C:\Program Files\Microsoft MPI\Bin\;C:\Windows\system32;C:\Windows;C:\Windows\System32\Wbem;C:\Windows\System32\WindowsPowerShell\v1.0\;C:\Windows\System32\OpenSSH\;C:\Program Files (x86)\Intel\Intel(R) Management Engine Components\DAL;C:\Program Files\Intel\Intel(R) Management Engine Components\DAL;C:\Program Files (x86)\Microsoft SQL Server\150\Tools\Binn\;C:\Program Files\Microsoft SQL Server\150\Tools\Binn\;C:\Program Files (x86)\Microsoft SQL Server\150\DTS\Binn\;C:\Program Files\Microsoft SQL Server\150\DTS\Binn\;C:\Program Files\Microsoft SQL Server\Client SDK\ODBC\170\Tools\Binn\;C:\Program Files\Azure Data Studio\bin;C:\Program Files\RedHat\java-11-openjdk-11.0.6-2\bin;C:\Windows\system32\config\systemprofile\AppData\Local\Microsoft\WindowsApps;.]
18-Feb-2022 16:12:22.419 信息 [main] org.apache.coyote.AbstractProtocol.init Initializing ProtocolHandler ["http-nio-8181"]
18-Feb-2022 16:12:22.496 信息 [main] org.apache.tomcat.util.net.NioSelectorPool.getSharedSelector Using a shared selector for servlet write/read
18-Feb-2022 16:12:22.503 信息 [main] org.apache.catalina.startup.Catalina.load Initialization processed in 427 ms
18-Feb-2022 16:12:22.561 信息 [main] org.apache.catalina.core.StandardService.startInternal Starting service [Catalina]
18-Feb-2022 16:12:22.562 信息 [main] org.apache.catalina.core.StandardEngine.startInternal Starting Servlet Engine: Apache Tomcat/8.5.39
18-Feb-2022 16:12:22.572 信息 [localhost-startStop-1] org.apache.catalina.startup.HostConfig.deployDirectory Deploying web application directory [D:\hikrobot\hikcms\webapps\download]
18-Feb-2022 16:12:22.871 信息 [localhost-startStop-1] org.apache.catalina.startup.HostConfig.deployDirectory Deployment of web application directory [D:\hikrobot\hikcms\webapps\download] has finished in [298] ms
18-Feb-2022 16:12:22.871 信息 [localhost-startStop-1] org.apache.catalina.startup.HostConfig.deployDirectory Deploying web application directory [D:\hikrobot\hikcms\webapps\rcms]
18-Feb-2022 16:12:29.403 信息 [localhost-startStop-1] org.apache.jasper.servlet.TldScanner.scanJars At least one JAR was scanned for TLDs yet contained no TLDs. Enable debug logging for this logger for a complete list of JARs that were scanned but no TLDs were found in them. Skipping unneeded JARs during scanning can improve startup time and JSP compilation time.
18-Feb-2022 16:13:28.085 信息 [localhost-startStop-1] org.apache.catalina.startup.HostConfig.deployDirectory Deployment of web application directory [D:\hikrobot\hikcms\webapps\rcms] has finished in [65,214] ms
18-Feb-2022 16:13:28.085 信息 [localhost-startStop-1] org.apache.catalina.startup.HostConfig.deployDirectory Deploying web application directory [D:\hikrobot\hikcms\webapps\ROOT]
18-Feb-2022 16:13:28.099 信息 [localhost-startStop-1] org.apache.catalina.startup.HostConfig.deployDirectory Deployment of web application directory [D:\hikrobot\hikcms\webapps\ROOT] has finished in [14] ms
18-Feb-2022 16:13:28.099 信息 [localhost-startStop-1] org.apache.catalina.startup.HostConfig.deployDirectory Deploying web application directory [D:\hikrobot\hikcms\webapps\update]
18-Feb-2022 16:13:28.111 信息 [localhost-startStop-1] org.apache.catalina.startup.HostConfig.deployDirectory Deployment of web application directory [D:\hikrobot\hikcms\webapps\update] has finished in [12] ms
18-Feb-2022 16:13:28.117 信息 [main] org.apache.coyote.AbstractProtocol.start Starting ProtocolHandler ["http-nio-8181"]
18-Feb-2022 16:13:28.126 信息 [main] org.apache.catalina.startup.Catalina.start Server startup in 65622 ms
18-Feb-2022 17:34:09.752 警告 [main] org.apache.catalina.startup.Bootstrap.main the tomcat will shutdown ...........
18-Feb-2022 17:34:09.824 警告 [main] org.apache.catalina.startup.Bootstrap.main the port :8181 tomcat will shutdown ...........
18-Feb-2022 17:34:10.008 警告 [main] org.apache.catalina.startup.KillServer.start the process   TCP    0.0.0.0:8181           0.0.0.0:0              LISTENING       11980 will be killed ......
18-Feb-2022 17:34:10.008 警告 [main] org.apache.catalina.startup.KillServer.start the process   TCP    [::]:8181              [::]:0                 LISTENING       11980 will be killed ......
18-Feb-2022 17:34:10.062 信息 [main] org.apache.catalina.startup.KillServer.killWithPid the process 11980 killed is 成功: 已终止 PID 为 11980 的进程。
