11-Apr-2022 15:36:39.255 信息 [main] org.apache.catalina.startup.VersionLoggerListener.log Server version:        Apache Tomcat/8.5.39
11-Apr-2022 15:36:39.261 信息 [main] org.apache.catalina.startup.VersionLoggerListener.log Server built:          Mar 14 2019 11:24:26 UTC
11-Apr-2022 15:36:39.261 信息 [main] org.apache.catalina.startup.VersionLoggerListener.log Server number:         8.5.39.0
11-Apr-2022 15:36:39.261 信息 [main] org.apache.catalina.startup.VersionLoggerListener.log OS Name:               Windows 10
11-Apr-2022 15:36:39.261 信息 [main] org.apache.catalina.startup.VersionLoggerListener.log OS Version:            10.0
11-Apr-2022 15:36:39.261 信息 [main] org.apache.catalina.startup.VersionLoggerListener.log Architecture:          amd64
11-Apr-2022 15:36:39.261 信息 [main] org.apache.catalina.startup.VersionLoggerListener.log Java Home:             C:\Program Files\RedHat\java-11-openjdk-11.0.6-2
11-Apr-2022 15:36:39.261 信息 [main] org.apache.catalina.startup.VersionLoggerListener.log JVM Version:           11.0.6+10-LTS
11-Apr-2022 15:36:39.262 信息 [main] org.apache.catalina.startup.VersionLoggerListener.log JVM Vendor:            Oracle Corporation
11-Apr-2022 15:36:39.262 信息 [main] org.apache.catalina.startup.VersionLoggerListener.log CATALINA_BASE:         D:\hikrobot\hikcms
11-Apr-2022 15:36:39.262 信息 [main] org.apache.catalina.startup.VersionLoggerListener.log CATALINA_HOME:         D:\hikrobot\hikcms
11-Apr-2022 15:36:39.263 信息 [main] org.apache.catalina.startup.VersionLoggerListener.log Command line argument: --add-opens=java.base/java.lang=ALL-UNNAMED
11-Apr-2022 15:36:39.263 信息 [main] org.apache.catalina.startup.VersionLoggerListener.log Command line argument: --add-opens=java.base/java.io=ALL-UNNAMED
11-Apr-2022 15:36:39.263 信息 [main] org.apache.catalina.startup.VersionLoggerListener.log Command line argument: --add-opens=java.rmi/sun.rmi.transport=ALL-UNNAMED
11-Apr-2022 15:36:39.263 信息 [main] org.apache.catalina.startup.VersionLoggerListener.log Command line argument: -Dcatalina.home=D:\hikrobot\hikcms
11-Apr-2022 15:36:39.263 信息 [main] org.apache.catalina.startup.VersionLoggerListener.log Command line argument: -Dcatalina.base=D:\hikrobot\hikcms
11-Apr-2022 15:36:39.264 信息 [main] org.apache.catalina.startup.VersionLoggerListener.log Command line argument: -Dignore.endorsed.dirs=D:\hikrobot\hikcms\endorsed
11-Apr-2022 15:36:39.264 信息 [main] org.apache.catalina.startup.VersionLoggerListener.log Command line argument: -Djava.io.tmpdir=D:\hikrobot\hikcms\temp
11-Apr-2022 15:36:39.264 信息 [main] org.apache.catalina.startup.VersionLoggerListener.log Command line argument: -Djava.util.logging.manager=org.apache.juli.ClassLoaderLogManager
11-Apr-2022 15:36:39.264 信息 [main] org.apache.catalina.startup.VersionLoggerListener.log Command line argument: -Djava.util.logging.config.file=D:\hikrobot\hikcms\conf\logging.properties
11-Apr-2022 15:36:39.264 信息 [main] org.apache.catalina.startup.VersionLoggerListener.log Command line argument: -Xms1024m
11-Apr-2022 15:36:39.264 信息 [main] org.apache.catalina.startup.VersionLoggerListener.log Command line argument: -Xmx4096m
11-Apr-2022 15:36:39.264 信息 [main] org.apache.catalina.startup.VersionLoggerListener.log Command line argument: -XX:ReservedCodeCacheSize=64m
11-Apr-2022 15:36:39.264 信息 [main] org.apache.catalina.startup.VersionLoggerListener.log Command line argument: -Duser.timezone=GMT+08
11-Apr-2022 15:36:39.264 信息 [main] org.apache.catalina.startup.VersionLoggerListener.log Command line argument: -verbose:gc
11-Apr-2022 15:36:39.264 信息 [main] org.apache.catalina.startup.VersionLoggerListener.log Command line argument: -Xms1024m
11-Apr-2022 15:36:39.264 信息 [main] org.apache.catalina.startup.VersionLoggerListener.log Command line argument: -Xmx4096m
11-Apr-2022 15:36:39.264 信息 [main] org.apache.catalina.core.AprLifecycleListener.lifecycleEvent The APR based Apache Tomcat Native library which allows optimal performance in production environments was not found on the java.library.path: [C:\Program Files\RedHat\java-11-openjdk-11.0.6-2\bin;C:\Windows\Sun\Java\bin;C:\Windows\system32;C:\Windows;C:\Program Files\Microsoft MPI\Bin\;C:\Windows\system32;C:\Windows;C:\Windows\System32\Wbem;C:\Windows\System32\WindowsPowerShell\v1.0\;C:\Windows\System32\OpenSSH\;C:\Program Files (x86)\Intel\Intel(R) Management Engine Components\DAL;C:\Program Files\Intel\Intel(R) Management Engine Components\DAL;C:\Program Files (x86)\Microsoft SQL Server\150\Tools\Binn\;C:\Program Files\Microsoft SQL Server\150\Tools\Binn\;C:\Program Files (x86)\Microsoft SQL Server\150\DTS\Binn\;C:\Program Files\Microsoft SQL Server\150\DTS\Binn\;C:\Program Files\Microsoft SQL Server\Client SDK\ODBC\170\Tools\Binn\;C:\Program Files\Azure Data Studio\bin;C:\Program Files\RedHat\java-11-openjdk-11.0.6-2\bin;C:\Windows\system32\config\systemprofile\AppData\Local\Microsoft\WindowsApps;.]
11-Apr-2022 15:36:40.267 信息 [main] org.apache.coyote.AbstractProtocol.init Initializing ProtocolHandler ["http-nio-8181"]
11-Apr-2022 15:36:40.423 信息 [main] org.apache.tomcat.util.net.NioSelectorPool.getSharedSelector Using a shared selector for servlet write/read
11-Apr-2022 15:36:40.451 信息 [main] org.apache.catalina.startup.Catalina.load Initialization processed in 3122 ms
11-Apr-2022 15:36:40.710 信息 [main] org.apache.catalina.core.StandardService.startInternal Starting service [Catalina]
11-Apr-2022 15:36:40.710 信息 [main] org.apache.catalina.core.StandardEngine.startInternal Starting Servlet Engine: Apache Tomcat/8.5.39
11-Apr-2022 15:36:41.041 信息 [localhost-startStop-1] org.apache.catalina.startup.HostConfig.deployDirectory Deploying web application directory [D:\hikrobot\hikcms\webapps\download]
11-Apr-2022 15:36:43.046 信息 [localhost-startStop-1] org.apache.catalina.startup.HostConfig.deployDirectory Deployment of web application directory [D:\hikrobot\hikcms\webapps\download] has finished in [2,004] ms
11-Apr-2022 15:36:43.046 信息 [localhost-startStop-1] org.apache.catalina.startup.HostConfig.deployDirectory Deploying web application directory [D:\hikrobot\hikcms\webapps\rcms]
11-Apr-2022 15:37:09.137 信息 [localhost-startStop-1] org.apache.jasper.servlet.TldScanner.scanJars At least one JAR was scanned for TLDs yet contained no TLDs. Enable debug logging for this logger for a complete list of JARs that were scanned but no TLDs were found in them. Skipping unneeded JARs during scanning can improve startup time and JSP compilation time.
11-Apr-2022 15:51:24.992 警告 [main] org.apache.catalina.startup.Bootstrap.main the tomcat will shutdown ...........
11-Apr-2022 15:51:25.035 警告 [main] org.apache.catalina.startup.Bootstrap.main the port :8181 tomcat will shutdown ...........
11-Apr-2022 15:51:25.089 警告 [main] org.apache.catalina.startup.KillServer.start the process   TCP    0.0.0.0:8181           0.0.0.0:0              LISTENING       7152 will be killed ......
11-Apr-2022 15:51:25.089 警告 [main] org.apache.catalina.startup.KillServer.start the process   TCP    [::]:8181              [::]:0                 LISTENING       7152 will be killed ......
11-Apr-2022 15:51:25.155 信息 [main] org.apache.catalina.startup.KillServer.killWithPid the process 7152 killed is 成功: 已终止 PID 为 7152 的进程。
11-Apr-2022 15:51:36.417 信息 [main] org.apache.catalina.startup.VersionLoggerListener.log Server version:        Apache Tomcat/8.5.39
11-Apr-2022 15:51:36.421 信息 [main] org.apache.catalina.startup.VersionLoggerListener.log Server built:          Mar 14 2019 11:24:26 UTC
11-Apr-2022 15:51:36.421 信息 [main] org.apache.catalina.startup.VersionLoggerListener.log Server number:         8.5.39.0
11-Apr-2022 15:51:36.421 信息 [main] org.apache.catalina.startup.VersionLoggerListener.log OS Name:               Windows 10
11-Apr-2022 15:51:36.421 信息 [main] org.apache.catalina.startup.VersionLoggerListener.log OS Version:            10.0
11-Apr-2022 15:51:36.421 信息 [main] org.apache.catalina.startup.VersionLoggerListener.log Architecture:          amd64
11-Apr-2022 15:51:36.421 信息 [main] org.apache.catalina.startup.VersionLoggerListener.log Java Home:             C:\Program Files\RedHat\java-11-openjdk-11.0.6-2
11-Apr-2022 15:51:36.422 信息 [main] org.apache.catalina.startup.VersionLoggerListener.log JVM Version:           11.0.6+10-LTS
11-Apr-2022 15:51:36.422 信息 [main] org.apache.catalina.startup.VersionLoggerListener.log JVM Vendor:            Oracle Corporation
11-Apr-2022 15:51:36.422 信息 [main] org.apache.catalina.startup.VersionLoggerListener.log CATALINA_BASE:         D:\hikrobot\hikcms
11-Apr-2022 15:51:36.422 信息 [main] org.apache.catalina.startup.VersionLoggerListener.log CATALINA_HOME:         D:\hikrobot\hikcms
11-Apr-2022 15:51:36.423 信息 [main] org.apache.catalina.startup.VersionLoggerListener.log Command line argument: --add-opens=java.base/java.lang=ALL-UNNAMED
11-Apr-2022 15:51:36.423 信息 [main] org.apache.catalina.startup.VersionLoggerListener.log Command line argument: --add-opens=java.base/java.io=ALL-UNNAMED
11-Apr-2022 15:51:36.423 信息 [main] org.apache.catalina.startup.VersionLoggerListener.log Command line argument: --add-opens=java.rmi/sun.rmi.transport=ALL-UNNAMED
11-Apr-2022 15:51:36.423 信息 [main] org.apache.catalina.startup.VersionLoggerListener.log Command line argument: -Dcatalina.home=D:\hikrobot\hikcms
11-Apr-2022 15:51:36.423 信息 [main] org.apache.catalina.startup.VersionLoggerListener.log Command line argument: -Dcatalina.base=D:\hikrobot\hikcms
11-Apr-2022 15:51:36.423 信息 [main] org.apache.catalina.startup.VersionLoggerListener.log Command line argument: -Dignore.endorsed.dirs=D:\hikrobot\hikcms\endorsed
11-Apr-2022 15:51:36.423 信息 [main] org.apache.catalina.startup.VersionLoggerListener.log Command line argument: -Djava.io.tmpdir=D:\hikrobot\hikcms\temp
11-Apr-2022 15:51:36.423 信息 [main] org.apache.catalina.startup.VersionLoggerListener.log Command line argument: -Djava.util.logging.manager=org.apache.juli.ClassLoaderLogManager
11-Apr-2022 15:51:36.423 信息 [main] org.apache.catalina.startup.VersionLoggerListener.log Command line argument: -Djava.util.logging.config.file=D:\hikrobot\hikcms\conf\logging.properties
11-Apr-2022 15:51:36.423 信息 [main] org.apache.catalina.startup.VersionLoggerListener.log Command line argument: -Xms1024m
11-Apr-2022 15:51:36.423 信息 [main] org.apache.catalina.startup.VersionLoggerListener.log Command line argument: -Xmx4096m
11-Apr-2022 15:51:36.424 信息 [main] org.apache.catalina.startup.VersionLoggerListener.log Command line argument: -XX:ReservedCodeCacheSize=64m
11-Apr-2022 15:51:36.424 信息 [main] org.apache.catalina.startup.VersionLoggerListener.log Command line argument: -Duser.timezone=GMT+08
11-Apr-2022 15:51:36.424 信息 [main] org.apache.catalina.startup.VersionLoggerListener.log Command line argument: -verbose:gc
11-Apr-2022 15:51:36.424 信息 [main] org.apache.catalina.startup.VersionLoggerListener.log Command line argument: -Xms1024m
11-Apr-2022 15:51:36.424 信息 [main] org.apache.catalina.startup.VersionLoggerListener.log Command line argument: -Xmx4096m
11-Apr-2022 15:51:36.424 信息 [main] org.apache.catalina.core.AprLifecycleListener.lifecycleEvent The APR based Apache Tomcat Native library which allows optimal performance in production environments was not found on the java.library.path: [C:\Program Files\RedHat\java-11-openjdk-11.0.6-2\bin;C:\Windows\Sun\Java\bin;C:\Windows\system32;C:\Windows;C:\Program Files\Microsoft MPI\Bin\;C:\Windows\system32;C:\Windows;C:\Windows\System32\Wbem;C:\Windows\System32\WindowsPowerShell\v1.0\;C:\Windows\System32\OpenSSH\;C:\Program Files (x86)\Intel\Intel(R) Management Engine Components\DAL;C:\Program Files\Intel\Intel(R) Management Engine Components\DAL;C:\Program Files (x86)\Microsoft SQL Server\150\Tools\Binn\;C:\Program Files\Microsoft SQL Server\150\Tools\Binn\;C:\Program Files (x86)\Microsoft SQL Server\150\DTS\Binn\;C:\Program Files\Microsoft SQL Server\150\DTS\Binn\;C:\Program Files\Microsoft SQL Server\Client SDK\ODBC\170\Tools\Binn\;C:\Program Files\Azure Data Studio\bin;C:\Program Files\RedHat\java-11-openjdk-11.0.6-2\bin;C:\Windows\system32\config\systemprofile\AppData\Local\Microsoft\WindowsApps;.]
11-Apr-2022 15:51:36.453 信息 [main] org.apache.coyote.AbstractProtocol.init Initializing ProtocolHandler ["http-nio-8181"]
11-Apr-2022 15:51:36.535 信息 [main] org.apache.tomcat.util.net.NioSelectorPool.getSharedSelector Using a shared selector for servlet write/read
11-Apr-2022 15:51:36.542 信息 [main] org.apache.catalina.startup.Catalina.load Initialization processed in 439 ms
11-Apr-2022 15:51:36.588 信息 [main] org.apache.catalina.core.StandardService.startInternal Starting service [Catalina]
11-Apr-2022 15:51:36.588 信息 [main] org.apache.catalina.core.StandardEngine.startInternal Starting Servlet Engine: Apache Tomcat/8.5.39
11-Apr-2022 15:51:36.599 信息 [localhost-startStop-1] org.apache.catalina.startup.HostConfig.deployDirectory Deploying web application directory [D:\hikrobot\hikcms\webapps\download]
11-Apr-2022 15:51:36.883 信息 [localhost-startStop-1] org.apache.catalina.startup.HostConfig.deployDirectory Deployment of web application directory [D:\hikrobot\hikcms\webapps\download] has finished in [284] ms
11-Apr-2022 15:51:36.884 信息 [localhost-startStop-1] org.apache.catalina.startup.HostConfig.deployDirectory Deploying web application directory [D:\hikrobot\hikcms\webapps\rcms]
11-Apr-2022 15:51:43.646 信息 [localhost-startStop-1] org.apache.jasper.servlet.TldScanner.scanJars At least one JAR was scanned for TLDs yet contained no TLDs. Enable debug logging for this logger for a complete list of JARs that were scanned but no TLDs were found in them. Skipping unneeded JARs during scanning can improve startup time and JSP compilation time.
11-Apr-2022 15:52:36.305 信息 [localhost-startStop-1] org.apache.catalina.startup.HostConfig.deployDirectory Deployment of web application directory [D:\hikrobot\hikcms\webapps\rcms] has finished in [59,421] ms
11-Apr-2022 15:52:36.306 信息 [localhost-startStop-1] org.apache.catalina.startup.HostConfig.deployDirectory Deploying web application directory [D:\hikrobot\hikcms\webapps\ROOT]
11-Apr-2022 15:52:36.336 信息 [localhost-startStop-1] org.apache.catalina.startup.HostConfig.deployDirectory Deployment of web application directory [D:\hikrobot\hikcms\webapps\ROOT] has finished in [31] ms
11-Apr-2022 15:52:36.336 信息 [localhost-startStop-1] org.apache.catalina.startup.HostConfig.deployDirectory Deploying web application directory [D:\hikrobot\hikcms\webapps\update]
11-Apr-2022 15:52:36.386 信息 [localhost-startStop-1] org.apache.catalina.startup.HostConfig.deployDirectory Deployment of web application directory [D:\hikrobot\hikcms\webapps\update] has finished in [50] ms
11-Apr-2022 15:52:36.391 信息 [main] org.apache.coyote.AbstractProtocol.start Starting ProtocolHandler ["http-nio-8181"]
11-Apr-2022 15:52:36.403 信息 [main] org.apache.catalina.startup.Catalina.start Server startup in 59861 ms
11-Apr-2022 17:37:41.272 警告 [main] org.apache.catalina.startup.Bootstrap.main the tomcat will shutdown ...........
11-Apr-2022 17:37:41.315 警告 [main] org.apache.catalina.startup.Bootstrap.main the port :8181 tomcat will shutdown ...........
11-Apr-2022 17:37:41.361 警告 [main] org.apache.catalina.startup.KillServer.start the process   TCP    0.0.0.0:8181           0.0.0.0:0              LISTENING       2000 will be killed ......
11-Apr-2022 17:37:41.361 警告 [main] org.apache.catalina.startup.KillServer.start the process   TCP    [::]:8181              [::]:0                 LISTENING       2000 will be killed ......
11-Apr-2022 17:37:41.416 信息 [main] org.apache.catalina.startup.KillServer.killWithPid the process 2000 killed is 成功: 已终止 PID 为 2000 的进程。
