[2022-08-02 09:40:06] [info]  [ 4916] Commons Daemon procrun (1.1.0.0 64-bit) started
[2022-08-02 09:40:06] [info]  [ 4916] Running 'HIKCMS' Service...
[2022-08-02 09:40:07] [info]  [ 6188] Starting service...
[2022-08-02 09:40:07] [info]  [ 6188] Service started in 0 ms.
[2022-08-02 10:04:12] [info]  [12004] Console SHUTDOWN event signaled
[2022-08-02 10:04:12] [info]  [12004] Stopping service...
[2022-08-02 10:04:17] [info]  [12004] Service stop thread completed.
[2022-08-02 10:04:17] [info]  [ 4916] Run service finished.
[2022-08-02 10:04:17] [info]  [ 4916] Commons Daemon procrun finished
[2022-08-02 10:05:13] [info]  [ 5160] Commons Daemon procrun (1.1.0.0 64-bit) started
[2022-08-02 10:05:13] [info]  [ 5160] Running 'HIKCMS' Service...
[2022-08-02 10:05:13] [info]  [ 6824] Starting service...
[2022-08-02 10:05:14] [info]  [ 6824] Service started in 31 ms.
[2022-08-02 11:29:48] [info]  [ 6384] Console SHUTDOWN event signaled
[2022-08-02 11:29:49] [info]  [ 6384] Stopping service...
[2022-08-02 11:29:54] [info]  [ 6384] Service stop thread completed.
[2022-08-02 11:29:54] [info]  [ 5160] Run service finished.
[2022-08-02 11:29:54] [info]  [ 5160] Commons Daemon procrun finished
[2022-08-02 11:30:50] [info]  [ 4300] Commons Daemon procrun (1.1.0.0 64-bit) started
[2022-08-02 11:30:50] [info]  [ 4300] Running 'HIKCMS' Service...
[2022-08-02 11:30:50] [info]  [ 6276] Starting service...
[2022-08-02 11:30:50] [info]  [ 6276] Service started in 0 ms.
[2022-08-02 21:09:00] [info]  [ 4300] Run service finished.
[2022-08-02 21:09:00] [info]  [ 4300] Commons Daemon procrun finished
