[2022-04-12 13:39:51] [info]  [ 4124] Commons Daemon procrun (1.1.0.0 64-bit) started
[2022-04-12 13:39:51] [info]  [ 4124] Running 'HIKCMS' Service...
[2022-04-12 13:39:51] [info]  [ 5720] Starting service...
[2022-04-12 13:39:52] [info]  [ 5720] Service started in 0 ms.
[2022-04-12 13:40:50] [info]  [ 2172] Stopping service...
[2022-04-12 13:40:56] [info]  [ 2172] Service stop thread completed.
[2022-04-12 13:40:56] [info]  [ 4124] Run service finished.
[2022-04-12 13:40:56] [info]  [ 4124] Commons Daemon procrun finished
[2022-04-12 13:45:42] [info]  [ 5072] Commons Daemon procrun (1.1.0.0 64-bit) started
[2022-04-12 13:45:43] [info]  [ 5072] Running 'HIKCMS' Service...
[2022-04-12 13:45:43] [info]  [13148] Starting service...
[2022-04-12 13:45:43] [info]  [13148] Service started in 4 ms.
[2022-04-12 13:46:53] [info]  [ 1184] Stopping service...
[2022-04-12 13:46:59] [info]  [ 1184] Service stop thread completed.
[2022-04-12 13:46:59] [info]  [ 5072] Run service finished.
[2022-04-12 13:46:59] [info]  [ 5072] Commons Daemon procrun finished
[2022-04-12 13:48:27] [info]  [ 4140] Commons Daemon procrun (1.1.0.0 64-bit) started
[2022-04-12 13:48:28] [info]  [ 4140] Running 'HIKCMS' Service...
[2022-04-12 13:48:28] [info]  [ 9624] Starting service...
[2022-04-12 13:48:28] [info]  [ 9624] Service started in 4 ms.
[2022-04-12 13:48:33] [info]  [15372] Stopping service...
[2022-04-12 13:48:39] [info]  [15372] Service stop thread completed.
[2022-04-12 13:48:39] [info]  [ 4140] Run service finished.
[2022-04-12 13:48:39] [info]  [ 4140] Commons Daemon procrun finished
[2022-04-12 13:48:44] [info]  [11332] Commons Daemon procrun (1.1.0.0 64-bit) started
[2022-04-12 13:48:44] [info]  [11332] Running 'HIKCMS' Service...
[2022-04-12 13:48:44] [info]  [ 8708] Starting service...
[2022-04-12 13:48:44] [info]  [ 8708] Service started in 4 ms.
[2022-04-12 15:07:32] [info]  [ 7464] Stopping service...
[2022-04-12 15:07:37] [info]  [ 7464] Service stop thread completed.
[2022-04-12 15:07:37] [info]  [11332] Run service finished.
[2022-04-12 15:07:37] [info]  [11332] Commons Daemon procrun finished
[2022-04-12 15:07:44] [info]  [ 3764] Commons Daemon procrun (1.1.0.0 64-bit) started
[2022-04-12 15:07:44] [info]  [ 3764] Running 'HIKCMS' Service...
[2022-04-12 15:07:44] [info]  [ 8652] Starting service...
[2022-04-12 15:07:44] [info]  [ 8652] Service started in 3 ms.
[2022-04-12 15:08:20] [info]  [ 2176] Stopping service...
[2022-04-12 15:08:26] [info]  [ 2176] Service stop thread completed.
[2022-04-12 15:08:26] [info]  [ 3764] Run service finished.
[2022-04-12 15:08:26] [info]  [ 3764] Commons Daemon procrun finished
[2022-04-12 15:08:54] [info]  [14472] Commons Daemon procrun (1.1.0.0 64-bit) started
[2022-04-12 15:08:55] [info]  [14472] Running 'HIKCMS' Service...
[2022-04-12 15:08:55] [info]  [10500] Starting service...
[2022-04-12 15:08:55] [info]  [10500] Service started in 3 ms.
[2022-04-12 15:09:07] [info]  [ 2816] Stopping service...
[2022-04-12 15:09:12] [info]  [ 2816] Service stop thread completed.
[2022-04-12 15:09:12] [info]  [14472] Run service finished.
[2022-04-12 15:09:12] [info]  [14472] Commons Daemon procrun finished
[2022-04-12 15:09:21] [info]  [15472] Commons Daemon procrun (1.1.0.0 64-bit) started
[2022-04-12 15:09:21] [info]  [15472] Running 'HIKCMS' Service...
[2022-04-12 15:09:21] [info]  [11068] Starting service...
[2022-04-12 15:09:21] [info]  [11068] Service started in 4 ms.
