[2022-03-30 17:01:55] [info]  [ 3896] Commons Daemon procrun (1.1.0.0 64-bit) started
[2022-03-30 17:01:55] [info]  [ 3896] Running 'HIKCMS' Service...
[2022-03-30 17:01:55] [info]  [ 5608] Starting service...
[2022-03-30 17:01:56] [info]  [ 5608] Service started in 62 ms.
[2022-03-30 17:03:38] [info]  [ 4068] Stopping service...
[2022-03-30 17:03:44] [info]  [ 4068] Service stop thread completed.
[2022-03-30 17:03:44] [info]  [ 3896] Run service finished.
[2022-03-30 17:03:44] [info]  [ 3896] Commons Daemon procrun finished
[2022-03-30 17:04:22] [info]  [ 4244] Commons Daemon procrun (1.1.0.0 64-bit) started
[2022-03-30 17:04:22] [info]  [ 4244] Running 'HIKCMS' Service...
[2022-03-30 17:04:22] [info]  [ 4616] Starting service...
[2022-03-30 17:04:22] [info]  [ 4616] Service started in 3 ms.
[2022-03-30 17:15:03] [info]  [13328] Stopping service...
[2022-03-30 17:15:09] [info]  [13328] Service stop thread completed.
[2022-03-30 17:15:09] [info]  [ 4244] Run service finished.
[2022-03-30 17:15:09] [info]  [ 4244] Commons Daemon procrun finished
[2022-03-30 17:15:14] [info]  [13592] Commons Daemon procrun (1.1.0.0 64-bit) started
[2022-03-30 17:15:14] [info]  [13592] Running 'HIKCMS' Service...
[2022-03-30 17:15:14] [info]  [ 2260] Starting service...
[2022-03-30 17:15:14] [info]  [ 2260] Service started in 3 ms.
[2022-03-30 17:16:24] [info]  [ 6560] Stopping service...
[2022-03-30 17:16:30] [info]  [ 6560] Service stop thread completed.
[2022-03-30 17:16:30] [info]  [13592] Run service finished.
[2022-03-30 17:16:30] [info]  [13592] Commons Daemon procrun finished
[2022-03-30 17:16:52] [info]  [11912] Commons Daemon procrun (1.1.0.0 64-bit) started
[2022-03-30 17:16:53] [info]  [11912] Running 'HIKCMS' Service...
[2022-03-30 17:16:53] [info]  [11720] Starting service...
[2022-03-30 17:16:53] [info]  [11720] Service started in 4 ms.
