[2022-02-23 09:19:55] [info]  [ 3844] Commons Daemon procrun (1.1.0.0 64-bit) started
[2022-02-23 09:19:55] [info]  [ 3844] Running 'HIKCMS' Service...
[2022-02-23 09:19:56] [info]  [ 5696] Starting service...
[2022-02-23 09:19:56] [info]  [ 5696] Service started in 0 ms.
[2022-02-23 09:19:56] [info]  [ 3844] Run service finished.
[2022-02-23 09:19:57] [info]  [ 3844] Commons Daemon procrun finished
[2022-02-23 09:20:45] [info]  [ 3760] Commons Daemon procrun (1.1.0.0 64-bit) started
[2022-02-23 09:20:46] [info]  [ 3760] Running 'HIKCMS' Service...
[2022-02-23 09:20:47] [info]  [ 5940] Starting service...
[2022-02-23 09:20:47] [info]  [ 5940] Service started in 0 ms.
[2022-02-23 09:21:11] [info]  [ 9704] Console SHUTDOWN event signaled
[2022-02-23 09:21:11] [info]  [ 9704] Stopping service...
[2022-02-23 09:21:16] [info]  [ 9704] Service stop thread completed.
[2022-02-23 09:21:16] [info]  [ 3760] Run service finished.
[2022-02-23 09:21:16] [info]  [ 3760] Commons Daemon procrun finished
[2022-02-23 09:22:04] [info]  [ 3776] Commons Daemon procrun (1.1.0.0 64-bit) started
[2022-02-23 09:22:04] [info]  [ 3776] Running 'HIKCMS' Service...
[2022-02-23 09:22:05] [info]  [ 4828] Starting service...
[2022-02-23 09:22:05] [info]  [ 4828] Service started in 0 ms.
[2022-02-23 09:26:46] [info]  [ 3776] Run service finished.
[2022-02-23 09:26:46] [info]  [ 3776] Commons Daemon procrun finished
[2022-02-23 09:33:31] [info]  [12384] Commons Daemon procrun (1.1.0.0 64-bit) started
[2022-02-23 09:33:31] [info]  [12384] Running 'HIKCMS' Service...
[2022-02-23 09:33:31] [info]  [ 4536] Starting service...
[2022-02-23 09:33:31] [info]  [ 4536] Service started in 4 ms.
[2022-02-23 17:35:12] [info]  [12856] Stopping service...
[2022-02-23 17:35:17] [info]  [12856] Service stop thread completed.
[2022-02-23 17:35:17] [info]  [12384] Run service finished.
[2022-02-23 17:35:17] [info]  [12384] Commons Daemon procrun finished
