[2022-03-24 14:52:03] [info]  [11124] Commons Daemon procrun (1.1.0.0 64-bit) started
[2022-03-24 14:52:03] [info]  [11124] Running 'HIKCMS' Service...
[2022-03-24 14:52:03] [info]  [ 5924] Starting service...
[2022-03-24 14:52:04] [info]  [ 5924] Service started in 4 ms.
[2022-03-24 15:42:41] [info]  [11140] Stopping service...
[2022-03-24 15:42:46] [info]  [11140] Service stop thread completed.
[2022-03-24 15:42:47] [info]  [11124] Run service finished.
[2022-03-24 15:42:47] [info]  [11124] Commons Daemon procrun finished
[2022-03-24 15:43:07] [info]  [14800] Commons Daemon procrun (1.1.0.0 64-bit) started
[2022-03-24 15:43:07] [info]  [14800] Running 'HIKCMS' Service...
[2022-03-24 15:43:08] [info]  [10676] Starting service...
[2022-03-24 15:43:08] [info]  [10676] Service started in 3 ms.
[2022-03-24 15:45:08] [info]  [ 3952] Stopping service...
[2022-03-24 15:45:14] [info]  [ 3952] Service stop thread completed.
[2022-03-24 15:45:14] [info]  [14800] Run service finished.
[2022-03-24 15:45:14] [info]  [14800] Commons Daemon procrun finished
[2022-03-24 15:45:19] [info]  [12868] Commons Daemon procrun (1.1.0.0 64-bit) started
[2022-03-24 15:45:19] [info]  [12868] Running 'HIKCMS' Service...
[2022-03-24 15:45:19] [info]  [12624] Starting service...
[2022-03-24 15:45:19] [info]  [12624] Service started in 3 ms.
[2022-03-24 15:48:42] [info]  [16136] Stopping service...
[2022-03-24 15:48:48] [info]  [16136] Service stop thread completed.
[2022-03-24 15:48:48] [info]  [12868] Run service finished.
[2022-03-24 15:48:48] [info]  [12868] Commons Daemon procrun finished
[2022-03-24 15:48:54] [info]  [ 3604] Commons Daemon procrun (1.1.0.0 64-bit) started
[2022-03-24 15:48:54] [info]  [ 3604] Running 'HIKCMS' Service...
[2022-03-24 15:48:54] [info]  [11036] Starting service...
[2022-03-24 15:48:54] [info]  [11036] Service started in 3 ms.
[2022-03-24 15:50:22] [info]  [ 3912] Stopping service...
[2022-03-24 15:50:28] [info]  [ 3912] Service stop thread completed.
[2022-03-24 15:50:28] [info]  [ 3604] Run service finished.
[2022-03-24 15:50:28] [info]  [ 3604] Commons Daemon procrun finished
[2022-03-24 15:50:33] [info]  [12196] Commons Daemon procrun (1.1.0.0 64-bit) started
[2022-03-24 15:50:33] [info]  [12196] Running 'HIKCMS' Service...
[2022-03-24 15:50:33] [info]  [13940] Starting service...
[2022-03-24 15:50:33] [info]  [13940] Service started in 4 ms.
[2022-03-24 16:01:13] [info]  [ 5508] Stopping service...
[2022-03-24 16:01:19] [info]  [ 5508] Service stop thread completed.
[2022-03-24 16:01:19] [info]  [12196] Run service finished.
[2022-03-24 16:01:19] [info]  [12196] Commons Daemon procrun finished
[2022-03-24 16:02:54] [info]  [12364] Commons Daemon procrun (1.1.0.0 64-bit) started
[2022-03-24 16:02:54] [info]  [12364] Running 'HIKCMS' Service...
[2022-03-24 16:02:54] [info]  [ 6824] Starting service...
[2022-03-24 16:02:54] [info]  [ 6824] Service started in 3 ms.
[2022-03-24 16:07:04] [info]  [ 8996] Stopping service...
[2022-03-24 16:07:09] [info]  [ 8996] Service stop thread completed.
[2022-03-24 16:07:09] [info]  [12364] Run service finished.
[2022-03-24 16:07:09] [info]  [12364] Commons Daemon procrun finished
[2022-03-24 16:08:16] [info]  [ 4084] Commons Daemon procrun (1.1.0.0 64-bit) started
[2022-03-24 16:08:16] [info]  [ 4084] Running 'HIKCMS' Service...
[2022-03-24 16:08:16] [info]  [ 4936] Starting service...
[2022-03-24 16:08:16] [info]  [ 4936] Service started in 15 ms.
[2022-03-24 16:09:58] [info]  [ 5232] Stopping service...
[2022-03-24 16:10:03] [info]  [ 5232] Service stop thread completed.
[2022-03-24 16:10:03] [info]  [ 4084] Run service finished.
[2022-03-24 16:10:03] [info]  [ 4084] Commons Daemon procrun finished
[2022-03-24 16:10:08] [info]  [10836] Commons Daemon procrun (1.1.0.0 64-bit) started
[2022-03-24 16:10:08] [info]  [10836] Running 'HIKCMS' Service...
[2022-03-24 16:10:08] [info]  [12004] Starting service...
[2022-03-24 16:10:08] [info]  [12004] Service started in 2 ms.
