[2022-03-01 09:18:58] [info]  [ 3744] Commons Daemon procrun (1.1.0.0 64-bit) started
[2022-03-01 09:18:58] [info]  [ 3744] Running 'HIKCMS' Service...
[2022-03-01 09:18:58] [info]  [ 5504] Starting service...
[2022-03-01 09:18:59] [info]  [ 5504] Service started in 0 ms.
[2022-03-01 09:24:20] [info]  [  904] Stopping service...
[2022-03-01 09:24:25] [info]  [  904] Service stop thread completed.
[2022-03-01 09:24:25] [info]  [ 3744] Run service finished.
[2022-03-01 09:24:26] [info]  [ 3744] Commons Daemon procrun finished
[2022-03-01 09:28:38] [info]  [ 7076] Commons Daemon procrun (1.1.0.0 64-bit) started
[2022-03-01 09:28:38] [info]  [ 7076] Running 'HIKCMS' Service...
[2022-03-01 09:28:38] [info]  [ 1412] Starting service...
[2022-03-01 09:28:38] [info]  [ 1412] Service started in 4 ms.
[2022-03-01 09:29:47] [info]  [ 7076] Run service finished.
[2022-03-01 09:29:47] [info]  [ 7076] Commons Daemon procrun finished
[2022-03-01 09:34:15] [info]  [ 3744] Commons Daemon procrun (1.1.0.0 64-bit) started
[2022-03-01 09:34:15] [info]  [ 3744] Running 'HIKCMS' Service...
[2022-03-01 09:34:15] [info]  [ 4804] Starting service...
[2022-03-01 09:34:15] [info]  [ 4804] Service started in 0 ms.
[2022-03-01 09:35:09] [info]  [14212] Stopping service...
[2022-03-01 09:35:15] [info]  [14212] Service stop thread completed.
[2022-03-01 09:35:15] [info]  [ 3744] Run service finished.
[2022-03-01 09:35:15] [info]  [ 3744] Commons Daemon procrun finished
[2022-03-01 09:35:20] [info]  [  604] Commons Daemon procrun (1.1.0.0 64-bit) started
[2022-03-01 09:35:20] [info]  [  604] Running 'HIKCMS' Service...
[2022-03-01 09:35:20] [info]  [11120] Starting service...
[2022-03-01 09:35:20] [info]  [11120] Service started in 1 ms.
[2022-03-07 17:42:11] [info]  [10988] Console SHUTDOWN event signaled
[2022-03-07 17:42:11] [info]  [10988] Stopping service...
[2022-03-07 17:42:16] [info]  [10988] Service stop thread completed.
[2022-03-07 17:42:16] [info]  [  604] Run service finished.
[2022-03-07 17:42:16] [info]  [  604] Commons Daemon procrun finished
